{"numTotalTestSuites":6,"numPassedTestSuites":6,"numFailedTestSuites":0,"numPendingTestSuites":0,"numTotalTests":5,"numPassedTests":5,"numFailedTests":0,"numPendingTests":0,"numTodoTests":0,"snapshot":{"added":0,"failure":false,"filesAdded":0,"filesRemoved":0,"filesRemovedList":[],"filesUnmatched":0,"filesUpdated":0,"matched":0,"total":0,"unchecked":0,"uncheckedKeysByFile":[],"unmatched":0,"updated":0,"didUpdate":false},"startTime":1758682750198,"success":true,"testResults":[{"assertionResults":[{"ancestorTitles":["normalize"],"fullName":"normalize should normalize basic text","status":"passed","title":"should normalize basic text","duration":0.6135000000000446,"failureMessages":[],"meta":{}},{"ancestorTitles":["createContentHash"],"fullName":"createContentHash should create consistent hashes for same content","status":"passed","title":"should create consistent hashes for same content","duration":0.48024999999995543,"failureMessages":[],"meta":{}},{"ancestorTitles":["normalizeVector"],"fullName":"normalizeVector should normalize a vector to unit length","status":"passed","title":"should normalize a vector to unit length","duration":0.11366600000002336,"failureMessages":[],"meta":{}},{"ancestorTitles":["cosineSimilarity"],"fullName":"cosineSimilarity should calculate similarity between identical vectors","status":"passed","title":"should calculate similarity between identical vectors","duration":0.06937499999997954,"failureMessages":[],"meta":{}},{"ancestorTitles":["estimateTokens"],"fullName":"estimateTokens should estimate tokens based on word count","status":"passed","title":"should estimate tokens based on word count","duration":0.15033399999998664,"failureMessages":[],"meta":{}}],"startTime":1758682750683,"endTime":1758682750685.1504,"status":"passed","message":"","name":"/Users/drosebrook/Desktop/Projects/obsidian-rag/tests/unit/utils.test.ts"}]}