{"/Users/drosebrook/Desktop/Projects/obsidian-rag/src/lib/database.ts": {"path":"/Users/drosebrook/Desktop/Projects/obsidian-rag/src/lib/database.ts","all":false,"statementMap":{"0":{"start":{"line":1,"column":0},"end":{"line":1,"column":34}},"7":{"start":{"line":8,"column":0},"end":{"line":8,"column":31}},"8":{"start":{"line":9,"column":0},"end":{"line":9,"column":21}},"9":{"start":{"line":10,"column":0},"end":{"line":10,"column":49}},"10":{"start":{"line":11,"column":0},"end":{"line":11,"column":35}},"12":{"start":{"line":13,"column":0},"end":{"line":13,"column":41}},"13":{"start":{"line":14,"column":0},"end":{"line":14,"column":26}},"14":{"start":{"line":15,"column":0},"end":{"line":15,"column":23}},"15":{"start":{"line":16,"column":0},"end":{"line":16,"column":14}},"16":{"start":{"line":17,"column":0},"end":{"line":17,"column":31}},"17":{"start":{"line":18,"column":0},"end":{"line":18,"column":36}},"18":{"start":{"line":19,"column":0},"end":{"line":19,"column":7}},"19":{"start":{"line":20,"column":0},"end":{"line":20,"column":3}},"21":{"start":{"line":22,"column":0},"end":{"line":22,"column":37}},"22":{"start":{"line":23,"column":0},"end":{"line":23,"column":45}},"23":{"start":{"line":24,"column":0},"end":{"line":24,"column":9}},"25":{"start":{"line":26,"column":0},"end":{"line":26,"column":66}},"28":{"start":{"line":29,"column":0},"end":{"line":29,"column":26}},"29":{"start":{"line":30,"column":0},"end":{"line":30,"column":54}},"33":{"start":{"line":34,"column":0},"end":{"line":34,"column":38}},"37":{"start":{"line":38,"column":0},"end":{"line":38,"column":9}},"40":{"start":{"line":41,"column":0},"end":{"line":41,"column":26}},"41":{"start":{"line":42,"column":0},"end":{"line":42,"column":62}},"42":{"start":{"line":43,"column":0},"end":{"line":43,"column":29}},"44":{"start":{"line":45,"column":0},"end":{"line":45,"column":9}},"47":{"start":{"line":48,"column":0},"end":{"line":48,"column":26}},"48":{"start":{"line":49,"column":0},"end":{"line":49,"column":67}},"49":{"start":{"line":50,"column":0},"end":{"line":50,"column":29}},"51":{"start":{"line":52,"column":0},"end":{"line":52,"column":9}},"53":{"start":{"line":54,"column":0},"end":{"line":54,"column":26}},"54":{"start":{"line":55,"column":0},"end":{"line":55,"column":70}},"55":{"start":{"line":56,"column":0},"end":{"line":56,"column":29}},"57":{"start":{"line":58,"column":0},"end":{"line":58,"column":9}},"59":{"start":{"line":60,"column":0},"end":{"line":60,"column":26}},"60":{"start":{"line":61,"column":0},"end":{"line":61,"column":62}},"61":{"start":{"line":62,"column":0},"end":{"line":62,"column":29}},"63":{"start":{"line":64,"column":0},"end":{"line":64,"column":9}},"65":{"start":{"line":66,"column":0},"end":{"line":66,"column":26}},"66":{"start":{"line":67,"column":0},"end":{"line":67,"column":68}},"67":{"start":{"line":68,"column":0},"end":{"line":68,"column":29}},"69":{"start":{"line":70,"column":0},"end":{"line":70,"column":9}},"71":{"start":{"line":72,"column":0},"end":{"line":72,"column":18}},"72":{"start":{"line":73,"column":0},"end":{"line":73,"column":70}},"73":{"start":{"line":74,"column":0},"end":{"line":74,"column":8}},"74":{"start":{"line":75,"column":0},"end":{"line":75,"column":15}},"75":{"start":{"line":76,"column":0},"end":{"line":76,"column":23}},"76":{"start":{"line":77,"column":0},"end":{"line":77,"column":5}},"77":{"start":{"line":78,"column":0},"end":{"line":78,"column":3}},"79":{"start":{"line":80,"column":0},"end":{"line":80,"column":58}},"80":{"start":{"line":81,"column":0},"end":{"line":81,"column":72}},"81":{"start":{"line":82,"column":0},"end":{"line":82,"column":22}},"82":{"start":{"line":83,"column":0},"end":{"line":83,"column":73}},"83":{"start":{"line":84,"column":0},"end":{"line":84,"column":38}},"84":{"start":{"line":85,"column":0},"end":{"line":85,"column":10}},"85":{"start":{"line":86,"column":0},"end":{"line":86,"column":8}},"86":{"start":{"line":87,"column":0},"end":{"line":87,"column":5}},"88":{"start":{"line":89,"column":0},"end":{"line":89,"column":45}},"89":{"start":{"line":90,"column":0},"end":{"line":90,"column":9}},"90":{"start":{"line":91,"column":0},"end":{"line":91,"column":63}},"92":{"start":{"line":93,"column":0},"end":{"line":93,"column":25}},"93":{"start":{"line":94,"column":0},"end":{"line":94,"column":9}},"94":{"start":{"line":95,"column":0},"end":{"line":95,"column":69}},"95":{"start":{"line":96,"column":0},"end":{"line":96,"column":67}},"102":{"start":{"line":103,"column":0},"end":{"line":103,"column":58}},"103":{"start":{"line":104,"column":0},"end":{"line":104,"column":8}},"104":{"start":{"line":105,"column":0},"end":{"line":105,"column":15}},"105":{"start":{"line":106,"column":0},"end":{"line":106,"column":23}},"106":{"start":{"line":107,"column":0},"end":{"line":107,"column":5}},"107":{"start":{"line":108,"column":0},"end":{"line":108,"column":3}},"109":{"start":{"line":110,"column":0},"end":{"line":110,"column":67}},"110":{"start":{"line":111,"column":0},"end":{"line":111,"column":36}},"112":{"start":{"line":113,"column":0},"end":{"line":113,"column":45}},"113":{"start":{"line":114,"column":0},"end":{"line":114,"column":9}},"114":{"start":{"line":115,"column":0},"end":{"line":115,"column":34}},"116":{"start":{"line":117,"column":0},"end":{"line":117,"column":35}},"117":{"start":{"line":118,"column":0},"end":{"line":118,"column":38}},"118":{"start":{"line":119,"column":0},"end":{"line":119,"column":7}},"120":{"start":{"line":121,"column":0},"end":{"line":121,"column":35}},"121":{"start":{"line":122,"column":0},"end":{"line":122,"column":56}},"122":{"start":{"line":123,"column":0},"end":{"line":123,"column":21}},"123":{"start":{"line":124,"column":0},"end":{"line":124,"column":37}},"124":{"start":{"line":125,"column":0},"end":{"line":125,"column":18}},"125":{"start":{"line":126,"column":0},"end":{"line":126,"column":15}},"126":{"start":{"line":127,"column":0},"end":{"line":127,"column":23}},"127":{"start":{"line":128,"column":0},"end":{"line":128,"column":5}},"128":{"start":{"line":129,"column":0},"end":{"line":129,"column":3}},"130":{"start":{"line":131,"column":0},"end":{"line":131,"column":15}},"131":{"start":{"line":132,"column":0},"end":{"line":132,"column":29}},"132":{"start":{"line":133,"column":0},"end":{"line":133,"column":15}},"133":{"start":{"line":134,"column":0},"end":{"line":134,"column":14}},"140":{"start":{"line":141,"column":0},"end":{"line":141,"column":10}},"141":{"start":{"line":142,"column":0},"end":{"line":142,"column":30}},"142":{"start":{"line":143,"column":0},"end":{"line":143,"column":51}},"143":{"start":{"line":144,"column":0},"end":{"line":144,"column":22}},"144":{"start":{"line":145,"column":0},"end":{"line":145,"column":102}},"145":{"start":{"line":146,"column":0},"end":{"line":146,"column":8}},"146":{"start":{"line":147,"column":0},"end":{"line":147,"column":5}},"148":{"start":{"line":149,"column":0},"end":{"line":149,"column":45}},"149":{"start":{"line":150,"column":0},"end":{"line":150,"column":9}},"150":{"start":{"line":151,"column":0},"end":{"line":151,"column":62}},"152":{"start":{"line":153,"column":0},"end":{"line":153,"column":27}},"153":{"start":{"line":154,"column":0},"end":{"line":154,"column":36}},"154":{"start":{"line":155,"column":0},"end":{"line":155,"column":25}},"157":{"start":{"line":158,"column":0},"end":{"line":158,"column":62}},"158":{"start":{"line":159,"column":0},"end":{"line":159,"column":75}},"159":{"start":{"line":160,"column":0},"end":{"line":160,"column":39}},"160":{"start":{"line":161,"column":0},"end":{"line":161,"column":21}},"161":{"start":{"line":162,"column":0},"end":{"line":162,"column":7}},"164":{"start":{"line":165,"column":0},"end":{"line":165,"column":52}},"165":{"start":{"line":166,"column":0},"end":{"line":166,"column":57}},"166":{"start":{"line":167,"column":0},"end":{"line":167,"column":82}},"167":{"start":{"line":168,"column":0},"end":{"line":168,"column":34}},"168":{"start":{"line":169,"column":0},"end":{"line":169,"column":21}},"169":{"start":{"line":170,"column":0},"end":{"line":170,"column":7}},"172":{"start":{"line":173,"column":0},"end":{"line":173,"column":58}},"173":{"start":{"line":174,"column":0},"end":{"line":174,"column":57}},"174":{"start":{"line":175,"column":0},"end":{"line":175,"column":37}},"175":{"start":{"line":176,"column":0},"end":{"line":176,"column":64}},"176":{"start":{"line":177,"column":0},"end":{"line":177,"column":46}},"177":{"start":{"line":178,"column":0},"end":{"line":178,"column":75}},"178":{"start":{"line":179,"column":0},"end":{"line":179,"column":11}},"179":{"start":{"line":180,"column":0},"end":{"line":180,"column":53}},"180":{"start":{"line":181,"column":0},"end":{"line":181,"column":27}},"182":{"start":{"line":183,"column":0},"end":{"line":183,"column":45}},"183":{"start":{"line":184,"column":0},"end":{"line":184,"column":37}},"184":{"start":{"line":185,"column":0},"end":{"line":185,"column":11}},"185":{"start":{"line":186,"column":0},"end":{"line":186,"column":45}},"186":{"start":{"line":187,"column":0},"end":{"line":187,"column":7}},"189":{"start":{"line":190,"column":0},"end":{"line":190,"column":47}},"190":{"start":{"line":191,"column":0},"end":{"line":191,"column":57}},"191":{"start":{"line":192,"column":0},"end":{"line":192,"column":35}},"192":{"start":{"line":193,"column":0},"end":{"line":193,"column":95}},"193":{"start":{"line":194,"column":0},"end":{"line":194,"column":16}},"194":{"start":{"line":195,"column":0},"end":{"line":195,"column":142}},"195":{"start":{"line":196,"column":0},"end":{"line":196,"column":9}},"196":{"start":{"line":197,"column":0},"end":{"line":197,"column":7}},"199":{"start":{"line":200,"column":0},"end":{"line":200,"column":30}},"200":{"start":{"line":201,"column":0},"end":{"line":201,"column":38}},"201":{"start":{"line":202,"column":0},"end":{"line":202,"column":59}},"202":{"start":{"line":203,"column":0},"end":{"line":203,"column":87}},"203":{"start":{"line":204,"column":0},"end":{"line":204,"column":61}},"204":{"start":{"line":205,"column":0},"end":{"line":205,"column":23}},"205":{"start":{"line":206,"column":0},"end":{"line":206,"column":9}},"206":{"start":{"line":207,"column":0},"end":{"line":207,"column":36}},"207":{"start":{"line":208,"column":0},"end":{"line":208,"column":59}},"208":{"start":{"line":209,"column":0},"end":{"line":209,"column":87}},"209":{"start":{"line":210,"column":0},"end":{"line":210,"column":59}},"210":{"start":{"line":211,"column":0},"end":{"line":211,"column":23}},"211":{"start":{"line":212,"column":0},"end":{"line":212,"column":9}},"212":{"start":{"line":213,"column":0},"end":{"line":213,"column":7}},"214":{"start":{"line":215,"column":0},"end":{"line":215,"column":21}},"219":{"start":{"line":220,"column":0},"end":{"line":220,"column":67}},"220":{"start":{"line":221,"column":0},"end":{"line":221,"column":30}},"221":{"start":{"line":222,"column":0},"end":{"line":222,"column":22}},"222":{"start":{"line":223,"column":0},"end":{"line":223,"column":47}},"226":{"start":{"line":227,"column":0},"end":{"line":227,"column":55}},"228":{"start":{"line":229,"column":0},"end":{"line":229,"column":54}},"229":{"start":{"line":230,"column":0},"end":{"line":230,"column":19}},"230":{"start":{"line":231,"column":0},"end":{"line":231,"column":23}},"231":{"start":{"line":232,"column":0},"end":{"line":232,"column":43}},"232":{"start":{"line":233,"column":0},"end":{"line":233,"column":60}},"233":{"start":{"line":234,"column":0},"end":{"line":234,"column":24}},"234":{"start":{"line":235,"column":0},"end":{"line":235,"column":10}},"237":{"start":{"line":238,"column":0},"end":{"line":238,"column":34}},"238":{"start":{"line":239,"column":0},"end":{"line":239,"column":33}},"239":{"start":{"line":240,"column":0},"end":{"line":240,"column":61}},"240":{"start":{"line":241,"column":0},"end":{"line":241,"column":10}},"241":{"start":{"line":242,"column":0},"end":{"line":242,"column":7}},"243":{"start":{"line":244,"column":0},"end":{"line":244,"column":21}},"244":{"start":{"line":245,"column":0},"end":{"line":245,"column":15}},"245":{"start":{"line":246,"column":0},"end":{"line":246,"column":23}},"246":{"start":{"line":247,"column":0},"end":{"line":247,"column":5}},"247":{"start":{"line":248,"column":0},"end":{"line":248,"column":3}},"249":{"start":{"line":250,"column":0},"end":{"line":250,"column":65}},"250":{"start":{"line":251,"column":0},"end":{"line":251,"column":45}},"251":{"start":{"line":252,"column":0},"end":{"line":252,"column":9}},"252":{"start":{"line":253,"column":0},"end":{"line":253,"column":40}},"253":{"start":{"line":254,"column":0},"end":{"line":254,"column":9}},"254":{"start":{"line":255,"column":0},"end":{"line":255,"column":66}},"256":{"start":{"line":257,"column":0},"end":{"line":257,"column":12}},"257":{"start":{"line":258,"column":0},"end":{"line":258,"column":8}},"259":{"start":{"line":260,"column":0},"end":{"line":260,"column":48}},"261":{"start":{"line":262,"column":0},"end":{"line":262,"column":33}},"262":{"start":{"line":263,"column":0},"end":{"line":263,"column":14}},"263":{"start":{"line":264,"column":0},"end":{"line":264,"column":19}},"264":{"start":{"line":265,"column":0},"end":{"line":265,"column":23}},"265":{"start":{"line":266,"column":0},"end":{"line":266,"column":43}},"266":{"start":{"line":267,"column":0},"end":{"line":267,"column":8}},"267":{"start":{"line":268,"column":0},"end":{"line":268,"column":15}},"268":{"start":{"line":269,"column":0},"end":{"line":269,"column":23}},"269":{"start":{"line":270,"column":0},"end":{"line":270,"column":5}},"270":{"start":{"line":271,"column":0},"end":{"line":271,"column":3}},"272":{"start":{"line":273,"column":0},"end":{"line":273,"column":69}},"273":{"start":{"line":274,"column":0},"end":{"line":274,"column":45}},"274":{"start":{"line":275,"column":0},"end":{"line":275,"column":9}},"275":{"start":{"line":276,"column":0},"end":{"line":276,"column":40}},"276":{"start":{"line":277,"column":0},"end":{"line":277,"column":9}},"278":{"start":{"line":279,"column":0},"end":{"line":279,"column":31}},"282":{"start":{"line":283,"column":0},"end":{"line":283,"column":18}},"283":{"start":{"line":284,"column":0},"end":{"line":284,"column":8}},"285":{"start":{"line":286,"column":0},"end":{"line":286,"column":40}},"286":{"start":{"line":287,"column":0},"end":{"line":287,"column":19}},"287":{"start":{"line":288,"column":0},"end":{"line":288,"column":23}},"288":{"start":{"line":289,"column":0},"end":{"line":289,"column":43}},"289":{"start":{"line":290,"column":0},"end":{"line":290,"column":10}},"290":{"start":{"line":291,"column":0},"end":{"line":291,"column":15}},"291":{"start":{"line":292,"column":0},"end":{"line":292,"column":23}},"292":{"start":{"line":293,"column":0},"end":{"line":293,"column":5}},"293":{"start":{"line":294,"column":0},"end":{"line":294,"column":3}},"295":{"start":{"line":296,"column":0},"end":{"line":296,"column":29}},"300":{"start":{"line":301,"column":0},"end":{"line":301,"column":6}},"301":{"start":{"line":302,"column":0},"end":{"line":302,"column":45}},"302":{"start":{"line":303,"column":0},"end":{"line":303,"column":9}},"304":{"start":{"line":305,"column":0},"end":{"line":305,"column":45}},"305":{"start":{"line":306,"column":0},"end":{"line":306,"column":57}},"306":{"start":{"line":307,"column":0},"end":{"line":307,"column":8}},"309":{"start":{"line":310,"column":0},"end":{"line":310,"column":45}},"311":{"start":{"line":312,"column":0},"end":{"line":312,"column":31}},"313":{"start":{"line":314,"column":0},"end":{"line":314,"column":9}},"316":{"start":{"line":317,"column":0},"end":{"line":317,"column":47}},"324":{"start":{"line":325,"column":0},"end":{"line":325,"column":30}},"326":{"start":{"line":327,"column":0},"end":{"line":327,"column":9}},"329":{"start":{"line":330,"column":0},"end":{"line":330,"column":44}},"333":{"start":{"line":334,"column":0},"end":{"line":334,"column":30}},"338":{"start":{"line":339,"column":0},"end":{"line":339,"column":9}},"340":{"start":{"line":341,"column":0},"end":{"line":341,"column":55}},"341":{"start":{"line":342,"column":0},"end":{"line":342,"column":40}},"342":{"start":{"line":343,"column":0},"end":{"line":343,"column":62}},"343":{"start":{"line":344,"column":0},"end":{"line":344,"column":9}},"345":{"start":{"line":346,"column":0},"end":{"line":346,"column":50}},"346":{"start":{"line":347,"column":0},"end":{"line":347,"column":42}},"347":{"start":{"line":348,"column":0},"end":{"line":348,"column":51}},"348":{"start":{"line":349,"column":0},"end":{"line":349,"column":9}},"350":{"start":{"line":351,"column":0},"end":{"line":351,"column":57}},"351":{"start":{"line":352,"column":0},"end":{"line":352,"column":39}},"352":{"start":{"line":353,"column":0},"end":{"line":353,"column":55}},"353":{"start":{"line":354,"column":0},"end":{"line":354,"column":9}},"355":{"start":{"line":356,"column":0},"end":{"line":356,"column":14}},"356":{"start":{"line":357,"column":0},"end":{"line":357,"column":57}},"357":{"start":{"line":358,"column":0},"end":{"line":358,"column":22}},"358":{"start":{"line":359,"column":0},"end":{"line":359,"column":17}},"359":{"start":{"line":360,"column":0},"end":{"line":360,"column":24}},"360":{"start":{"line":361,"column":0},"end":{"line":361,"column":8}},"361":{"start":{"line":362,"column":0},"end":{"line":362,"column":15}},"362":{"start":{"line":363,"column":0},"end":{"line":363,"column":23}},"363":{"start":{"line":364,"column":0},"end":{"line":364,"column":5}},"364":{"start":{"line":365,"column":0},"end":{"line":365,"column":3}},"366":{"start":{"line":367,"column":0},"end":{"line":367,"column":35}},"367":{"start":{"line":368,"column":0},"end":{"line":368,"column":45}},"368":{"start":{"line":369,"column":0},"end":{"line":369,"column":9}},"369":{"start":{"line":370,"column":0},"end":{"line":370,"column":58}},"370":{"start":{"line":371,"column":0},"end":{"line":371,"column":66}},"371":{"start":{"line":372,"column":0},"end":{"line":372,"column":15}},"372":{"start":{"line":373,"column":0},"end":{"line":373,"column":23}},"373":{"start":{"line":374,"column":0},"end":{"line":374,"column":5}},"374":{"start":{"line":375,"column":0},"end":{"line":375,"column":3}},"376":{"start":{"line":377,"column":0},"end":{"line":377,"column":61}},"377":{"start":{"line":378,"column":0},"end":{"line":378,"column":45}},"378":{"start":{"line":379,"column":0},"end":{"line":379,"column":9}},"379":{"start":{"line":380,"column":0},"end":{"line":380,"column":40}},"380":{"start":{"line":381,"column":0},"end":{"line":381,"column":9}},"381":{"start":{"line":382,"column":0},"end":{"line":382,"column":37}},"384":{"start":{"line":385,"column":0},"end":{"line":385,"column":18}},"385":{"start":{"line":386,"column":0},"end":{"line":386,"column":8}},"387":{"start":{"line":388,"column":0},"end":{"line":388,"column":18}},"388":{"start":{"line":389,"column":0},"end":{"line":389,"column":70}},"389":{"start":{"line":390,"column":0},"end":{"line":390,"column":8}},"390":{"start":{"line":391,"column":0},"end":{"line":391,"column":15}},"391":{"start":{"line":392,"column":0},"end":{"line":392,"column":23}},"392":{"start":{"line":393,"column":0},"end":{"line":393,"column":5}},"393":{"start":{"line":394,"column":0},"end":{"line":394,"column":3}},"395":{"start":{"line":396,"column":0},"end":{"line":396,"column":32}},"396":{"start":{"line":397,"column":0},"end":{"line":397,"column":26}},"397":{"start":{"line":398,"column":0},"end":{"line":398,"column":3}},"398":{"start":{"line":399,"column":0},"end":{"line":399,"column":1}}},"s":{"0":1,"7":1,"8":1,"9":3,"10":3,"12":1,"13":3,"14":3,"15":3,"16":3,"17":3,"18":3,"19":3,"21":1,"22":3,"23":0,"25":0,"28":0,"29":0,"33":0,"37":0,"40":0,"41":0,"42":0,"44":0,"47":0,"48":0,"49":0,"51":0,"53":0,"54":0,"55":0,"57":0,"59":0,"60":0,"61":0,"63":0,"65":0,"66":0,"67":0,"69":0,"71":0,"72":0,"73":0,"74":0,"75":0,"76":0,"77":3,"79":1,"80":0,"81":0,"82":0,"83":0,"84":0,"85":0,"86":0,"88":0,"89":0,"90":0,"92":0,"93":0,"94":0,"95":0,"102":0,"103":0,"104":0,"105":0,"106":0,"107":0,"109":1,"110":0,"112":0,"113":0,"114":0,"116":0,"117":0,"118":0,"120":0,"121":0,"122":0,"123":0,"124":0,"125":0,"126":0,"127":0,"128":0,"130":1,"131":0,"132":0,"133":0,"140":0,"141":0,"142":0,"143":0,"144":0,"145":0,"146":0,"148":0,"149":0,"150":0,"152":0,"153":0,"154":0,"157":0,"158":0,"159":0,"160":0,"161":0,"164":0,"165":0,"166":0,"167":0,"168":0,"169":0,"172":0,"173":0,"174":0,"175":0,"176":0,"177":0,"178":0,"179":0,"180":0,"182":0,"183":0,"184":0,"185":0,"186":0,"189":0,"190":0,"191":0,"192":0,"193":0,"194":0,"195":0,"196":0,"199":0,"200":0,"201":0,"202":0,"203":0,"204":0,"205":0,"206":0,"207":0,"208":0,"209":0,"210":0,"211":0,"212":0,"214":0,"219":0,"220":0,"221":0,"222":0,"226":0,"228":0,"229":0,"230":0,"231":0,"232":0,"233":0,"234":0,"237":0,"238":0,"239":0,"240":0,"241":0,"243":0,"244":0,"245":0,"246":0,"247":0,"249":1,"250":0,"251":0,"252":0,"253":0,"254":0,"256":0,"257":0,"259":0,"261":0,"262":0,"263":0,"264":0,"265":0,"266":0,"267":0,"268":0,"269":0,"270":0,"272":1,"273":0,"274":0,"275":0,"276":0,"278":0,"282":0,"283":0,"285":0,"286":0,"287":0,"288":0,"289":0,"290":0,"291":0,"292":0,"293":0,"295":1,"300":0,"301":0,"302":0,"304":0,"305":0,"306":0,"309":0,"311":0,"313":0,"316":0,"324":0,"326":0,"329":0,"333":0,"338":0,"340":0,"341":0,"342":0,"343":0,"345":0,"346":0,"347":0,"348":0,"350":0,"351":0,"352":0,"353":0,"355":0,"356":0,"357":0,"358":0,"359":0,"360":0,"361":0,"362":0,"363":0,"364":0,"366":1,"367":0,"368":0,"369":0,"370":0,"371":0,"372":0,"373":0,"374":0,"376":1,"377":0,"378":0,"379":0,"380":0,"381":0,"384":0,"385":0,"387":0,"388":0,"389":0,"390":0,"391":0,"392":0,"393":0,"395":1,"396":3,"397":3,"398":1},"branchMap":{"0":{"type":"branch","line":9,"loc":{"start":{"line":9,"column":10},"end":{"line":11,"column":35}},"locations":[{"start":{"line":9,"column":10},"end":{"line":11,"column":35}}]},"1":{"type":"branch","line":13,"loc":{"start":{"line":13,"column":2},"end":{"line":20,"column":3}},"locations":[{"start":{"line":13,"column":2},"end":{"line":20,"column":3}}]},"2":{"type":"branch","line":22,"loc":{"start":{"line":22,"column":2},"end":{"line":78,"column":3}},"locations":[{"start":{"line":22,"column":2},"end":{"line":78,"column":3}}]},"3":{"type":"branch","line":23,"loc":{"start":{"line":23,"column":43},"end":{"line":77,"column":5}},"locations":[{"start":{"line":23,"column":43},"end":{"line":77,"column":5}}]},"4":{"type":"branch","line":396,"loc":{"start":{"line":396,"column":2},"end":{"line":398,"column":3}},"locations":[{"start":{"line":396,"column":2},"end":{"line":398,"column":3}}]}},"b":{"0":[3],"1":[3],"2":[3],"3":[0],"4":[3]},"fnMap":{"0":{"name":"<instance_members_initializer>","decl":{"start":{"line":9,"column":10},"end":{"line":11,"column":35}},"loc":{"start":{"line":9,"column":10},"end":{"line":11,"column":35}},"line":9},"1":{"name":"ObsidianDatabase","decl":{"start":{"line":13,"column":2},"end":{"line":20,"column":3}},"loc":{"start":{"line":13,"column":2},"end":{"line":20,"column":3}},"line":13},"2":{"name":"initialize","decl":{"start":{"line":22,"column":2},"end":{"line":78,"column":3}},"loc":{"start":{"line":22,"column":2},"end":{"line":78,"column":3}},"line":22},"3":{"name":"upsertChunk","decl":{"start":{"line":80,"column":2},"end":{"line":108,"column":3}},"loc":{"start":{"line":80,"column":2},"end":{"line":108,"column":3}},"line":80},"4":{"name":"batchUpsertChunks","decl":{"start":{"line":110,"column":2},"end":{"line":129,"column":3}},"loc":{"start":{"line":110,"column":2},"end":{"line":129,"column":3}},"line":110},"5":{"name":"search","decl":{"start":{"line":131,"column":2},"end":{"line":248,"column":3}},"loc":{"start":{"line":131,"column":2},"end":{"line":248,"column":3}},"line":131},"6":{"name":"getChunkById","decl":{"start":{"line":250,"column":2},"end":{"line":271,"column":3}},"loc":{"start":{"line":250,"column":2},"end":{"line":271,"column":3}},"line":250},"7":{"name":"getChunksByFile","decl":{"start":{"line":273,"column":2},"end":{"line":294,"column":3}},"loc":{"start":{"line":273,"column":2},"end":{"line":294,"column":3}},"line":273},"8":{"name":"getStats","decl":{"start":{"line":296,"column":2},"end":{"line":365,"column":3}},"loc":{"start":{"line":296,"column":2},"end":{"line":365,"column":3}},"line":296},"9":{"name":"clearAll","decl":{"start":{"line":367,"column":2},"end":{"line":375,"column":3}},"loc":{"start":{"line":367,"column":2},"end":{"line":375,"column":3}},"line":367},"10":{"name":"deleteChunksByFile","decl":{"start":{"line":377,"column":2},"end":{"line":394,"column":3}},"loc":{"start":{"line":377,"column":2},"end":{"line":394,"column":3}},"line":377},"11":{"name":"close","decl":{"start":{"line":396,"column":2},"end":{"line":398,"column":3}},"loc":{"start":{"line":396,"column":2},"end":{"line":398,"column":3}},"line":396}},"f":{"0":3,"1":3,"2":3,"3":0,"4":0,"5":0,"6":0,"7":0,"8":0,"9":0,"10":0,"11":3}}
,"/Users/drosebrook/Desktop/Projects/obsidian-rag/src/lib/multi-modal.ts": {"path":"/Users/drosebrook/Desktop/Projects/obsidian-rag/src/lib/multi-modal.ts","all":false,"statementMap":{"0":{"start":{"line":1,"column":0},"end":{"line":1,"column":25}},"1":{"start":{"line":2,"column":0},"end":{"line":2,"column":29}},"2":{"start":{"line":3,"column":0},"end":{"line":3,"column":36}},"3":{"start":{"line":4,"column":0},"end":{"line":4,"column":8}},"7":{"start":{"line":8,"column":0},"end":{"line":8,"column":8}},"11":{"start":{"line":12,"column":0},"end":{"line":12,"column":8}},"15":{"start":{"line":16,"column":0},"end":{"line":16,"column":8}},"23":{"start":{"line":24,"column":0},"end":{"line":24,"column":25}},"25":{"start":{"line":26,"column":0},"end":{"line":26,"column":24}},"26":{"start":{"line":27,"column":0},"end":{"line":27,"column":28}},"27":{"start":{"line":28,"column":0},"end":{"line":28,"column":26}},"30":{"start":{"line":31,"column":0},"end":{"line":31,"column":14}},"31":{"start":{"line":32,"column":0},"end":{"line":32,"column":33}},"32":{"start":{"line":33,"column":0},"end":{"line":33,"column":38}},"33":{"start":{"line":34,"column":0},"end":{"line":34,"column":46}},"36":{"start":{"line":37,"column":0},"end":{"line":37,"column":32}},"37":{"start":{"line":38,"column":0},"end":{"line":38,"column":32}},"38":{"start":{"line":39,"column":0},"end":{"line":39,"column":36}},"41":{"start":{"line":42,"column":0},"end":{"line":42,"column":18}},"42":{"start":{"line":43,"column":0},"end":{"line":43,"column":20}},"45":{"start":{"line":46,"column":0},"end":{"line":46,"column":18}},"48":{"start":{"line":49,"column":0},"end":{"line":49,"column":16}},"49":{"start":{"line":50,"column":0},"end":{"line":50,"column":14}},"50":{"start":{"line":51,"column":0},"end":{"line":51,"column":14}},"53":{"start":{"line":54,"column":0},"end":{"line":54,"column":20}},"54":{"start":{"line":55,"column":0},"end":{"line":55,"column":22}},"157":{"start":{"line":158,"column":0},"end":{"line":158,"column":40}},"158":{"start":{"line":159,"column":0},"end":{"line":159,"column":59}},"160":{"start":{"line":161,"column":0},"end":{"line":161,"column":43}},"161":{"start":{"line":162,"column":0},"end":{"line":162,"column":44}},"162":{"start":{"line":163,"column":0},"end":{"line":163,"column":40}},"165":{"start":{"line":166,"column":0},"end":{"line":166,"column":41}},"166":{"start":{"line":167,"column":0},"end":{"line":167,"column":5}},"167":{"start":{"line":168,"column":0},"end":{"line":168,"column":80}},"168":{"start":{"line":169,"column":0},"end":{"line":169,"column":29}},"169":{"start":{"line":170,"column":0},"end":{"line":170,"column":6}},"170":{"start":{"line":171,"column":0},"end":{"line":171,"column":51}},"171":{"start":{"line":172,"column":0},"end":{"line":172,"column":5}},"172":{"start":{"line":173,"column":0},"end":{"line":173,"column":74}},"173":{"start":{"line":174,"column":0},"end":{"line":174,"column":31}},"174":{"start":{"line":175,"column":0},"end":{"line":175,"column":6}},"175":{"start":{"line":176,"column":0},"end":{"line":176,"column":59}},"176":{"start":{"line":177,"column":0},"end":{"line":177,"column":5}},"177":{"start":{"line":178,"column":0},"end":{"line":178,"column":82}},"178":{"start":{"line":179,"column":0},"end":{"line":179,"column":38}},"179":{"start":{"line":180,"column":0},"end":{"line":180,"column":6}},"180":{"start":{"line":181,"column":0},"end":{"line":181,"column":71}},"183":{"start":{"line":184,"column":0},"end":{"line":184,"column":45}},"184":{"start":{"line":185,"column":0},"end":{"line":185,"column":44}},"185":{"start":{"line":186,"column":0},"end":{"line":186,"column":44}},"186":{"start":{"line":187,"column":0},"end":{"line":187,"column":44}},"187":{"start":{"line":188,"column":0},"end":{"line":188,"column":45}},"188":{"start":{"line":189,"column":0},"end":{"line":189,"column":45}},"189":{"start":{"line":190,"column":0},"end":{"line":190,"column":48}},"192":{"start":{"line":193,"column":0},"end":{"line":193,"column":38}},"193":{"start":{"line":194,"column":0},"end":{"line":194,"column":37}},"194":{"start":{"line":195,"column":0},"end":{"line":195,"column":38}},"195":{"start":{"line":196,"column":0},"end":{"line":196,"column":37}},"196":{"start":{"line":197,"column":0},"end":{"line":197,"column":37}},"199":{"start":{"line":200,"column":0},"end":{"line":200,"column":37}},"200":{"start":{"line":201,"column":0},"end":{"line":201,"column":37}},"201":{"start":{"line":202,"column":0},"end":{"line":202,"column":37}},"202":{"start":{"line":203,"column":0},"end":{"line":203,"column":37}},"203":{"start":{"line":204,"column":0},"end":{"line":204,"column":37}},"206":{"start":{"line":207,"column":0},"end":{"line":207,"column":43}},"207":{"start":{"line":208,"column":0},"end":{"line":208,"column":41}},"208":{"start":{"line":209,"column":0},"end":{"line":209,"column":34}},"209":{"start":{"line":210,"column":0},"end":{"line":210,"column":34}},"210":{"start":{"line":211,"column":0},"end":{"line":211,"column":5}},"212":{"start":{"line":213,"column":0},"end":{"line":213,"column":60}},"214":{"start":{"line":215,"column":0},"end":{"line":215,"column":34}},"215":{"start":{"line":216,"column":0},"end":{"line":216,"column":37}},"216":{"start":{"line":217,"column":0},"end":{"line":217,"column":36}},"219":{"start":{"line":220,"column":0},"end":{"line":220,"column":30}},"220":{"start":{"line":221,"column":0},"end":{"line":221,"column":38}},"221":{"start":{"line":222,"column":0},"end":{"line":222,"column":37}},"222":{"start":{"line":223,"column":0},"end":{"line":223,"column":40}},"223":{"start":{"line":224,"column":0},"end":{"line":224,"column":39}},"224":{"start":{"line":225,"column":0},"end":{"line":225,"column":47}},"225":{"start":{"line":226,"column":0},"end":{"line":226,"column":46}},"228":{"start":{"line":229,"column":0},"end":{"line":229,"column":39}},"229":{"start":{"line":230,"column":0},"end":{"line":230,"column":40}},"230":{"start":{"line":231,"column":0},"end":{"line":231,"column":39}},"231":{"start":{"line":232,"column":0},"end":{"line":232,"column":39}},"232":{"start":{"line":233,"column":0},"end":{"line":233,"column":39}},"233":{"start":{"line":234,"column":0},"end":{"line":234,"column":40}},"234":{"start":{"line":235,"column":0},"end":{"line":235,"column":40}},"235":{"start":{"line":236,"column":0},"end":{"line":236,"column":39}},"238":{"start":{"line":239,"column":0},"end":{"line":239,"column":32}},"239":{"start":{"line":240,"column":0},"end":{"line":240,"column":32}},"240":{"start":{"line":241,"column":0},"end":{"line":241,"column":33}},"241":{"start":{"line":242,"column":0},"end":{"line":242,"column":32}},"242":{"start":{"line":243,"column":0},"end":{"line":243,"column":32}},"245":{"start":{"line":246,"column":0},"end":{"line":246,"column":32}},"246":{"start":{"line":247,"column":0},"end":{"line":247,"column":32}},"247":{"start":{"line":248,"column":0},"end":{"line":248,"column":32}},"248":{"start":{"line":249,"column":0},"end":{"line":249,"column":32}},"249":{"start":{"line":250,"column":0},"end":{"line":250,"column":32}},"252":{"start":{"line":253,"column":0},"end":{"line":253,"column":32}},"253":{"start":{"line":254,"column":0},"end":{"line":254,"column":30}},"254":{"start":{"line":255,"column":0},"end":{"line":255,"column":30}},"255":{"start":{"line":256,"column":0},"end":{"line":256,"column":5}},"257":{"start":{"line":258,"column":0},"end":{"line":258,"column":26}},"258":{"start":{"line":259,"column":0},"end":{"line":259,"column":23}},"259":{"start":{"line":260,"column":0},"end":{"line":260,"column":20}},"260":{"start":{"line":261,"column":0},"end":{"line":261,"column":33}},"262":{"start":{"line":263,"column":0},"end":{"line":263,"column":59}},"265":{"start":{"line":266,"column":0},"end":{"line":266,"column":66}},"268":{"start":{"line":269,"column":0},"end":{"line":269,"column":59}},"269":{"start":{"line":270,"column":0},"end":{"line":270,"column":64}},"272":{"start":{"line":273,"column":0},"end":{"line":273,"column":70}},"275":{"start":{"line":276,"column":0},"end":{"line":276,"column":33}},"276":{"start":{"line":277,"column":0},"end":{"line":277,"column":41}},"277":{"start":{"line":278,"column":0},"end":{"line":278,"column":52}},"278":{"start":{"line":279,"column":0},"end":{"line":279,"column":36}},"279":{"start":{"line":280,"column":0},"end":{"line":280,"column":39}},"280":{"start":{"line":281,"column":0},"end":{"line":281,"column":12}},"281":{"start":{"line":282,"column":0},"end":{"line":282,"column":72}},"282":{"start":{"line":283,"column":0},"end":{"line":283,"column":5}},"284":{"start":{"line":285,"column":0},"end":{"line":285,"column":12}},"285":{"start":{"line":286,"column":0},"end":{"line":286,"column":15}},"286":{"start":{"line":287,"column":0},"end":{"line":287,"column":18}},"287":{"start":{"line":288,"column":0},"end":{"line":288,"column":43}},"288":{"start":{"line":289,"column":0},"end":{"line":289,"column":17}},"289":{"start":{"line":290,"column":0},"end":{"line":290,"column":24}},"290":{"start":{"line":291,"column":0},"end":{"line":291,"column":22}},"291":{"start":{"line":292,"column":0},"end":{"line":292,"column":8}},"292":{"start":{"line":293,"column":0},"end":{"line":293,"column":41}},"293":{"start":{"line":294,"column":0},"end":{"line":294,"column":6}},"294":{"start":{"line":295,"column":0},"end":{"line":295,"column":3}},"296":{"start":{"line":297,"column":0},"end":{"line":297,"column":65}},"300":{"start":{"line":301,"column":0},"end":{"line":301,"column":29}},"304":{"start":{"line":305,"column":0},"end":{"line":305,"column":10}},"305":{"start":{"line":306,"column":0},"end":{"line":306,"column":7}},"306":{"start":{"line":307,"column":0},"end":{"line":307,"column":57}},"307":{"start":{"line":308,"column":0},"end":{"line":308,"column":36}},"308":{"start":{"line":309,"column":0},"end":{"line":309,"column":16}},"309":{"start":{"line":310,"column":0},"end":{"line":310,"column":85}},"310":{"start":{"line":311,"column":0},"end":{"line":311,"column":7}},"311":{"start":{"line":312,"column":0},"end":{"line":312,"column":57}},"312":{"start":{"line":313,"column":0},"end":{"line":313,"column":30}},"313":{"start":{"line":314,"column":0},"end":{"line":314,"column":15}},"314":{"start":{"line":315,"column":0},"end":{"line":315,"column":7}},"315":{"start":{"line":316,"column":0},"end":{"line":316,"column":57}},"316":{"start":{"line":317,"column":0},"end":{"line":317,"column":30}},"317":{"start":{"line":318,"column":0},"end":{"line":318,"column":15}},"318":{"start":{"line":319,"column":0},"end":{"line":319,"column":77}},"319":{"start":{"line":320,"column":0},"end":{"line":320,"column":7}},"320":{"start":{"line":321,"column":0},"end":{"line":321,"column":57}},"321":{"start":{"line":322,"column":0},"end":{"line":322,"column":31}},"322":{"start":{"line":323,"column":0},"end":{"line":323,"column":32}},"323":{"start":{"line":324,"column":0},"end":{"line":324,"column":7}},"324":{"start":{"line":325,"column":0},"end":{"line":325,"column":57}},"325":{"start":{"line":326,"column":0},"end":{"line":326,"column":31}},"326":{"start":{"line":327,"column":0},"end":{"line":327,"column":29}},"327":{"start":{"line":328,"column":0},"end":{"line":328,"column":7}},"328":{"start":{"line":329,"column":0},"end":{"line":329,"column":57}},"329":{"start":{"line":330,"column":0},"end":{"line":330,"column":30}},"330":{"start":{"line":331,"column":0},"end":{"line":331,"column":22}},"331":{"start":{"line":332,"column":0},"end":{"line":332,"column":7}},"332":{"start":{"line":333,"column":0},"end":{"line":333,"column":32}},"333":{"start":{"line":334,"column":0},"end":{"line":334,"column":57}},"334":{"start":{"line":335,"column":0},"end":{"line":335,"column":11}},"335":{"start":{"line":336,"column":0},"end":{"line":336,"column":30}},"336":{"start":{"line":337,"column":0},"end":{"line":337,"column":15}},"337":{"start":{"line":338,"column":0},"end":{"line":338,"column":7}},"338":{"start":{"line":339,"column":0},"end":{"line":339,"column":57}},"339":{"start":{"line":340,"column":0},"end":{"line":340,"column":30}},"340":{"start":{"line":341,"column":0},"end":{"line":341,"column":18}},"341":{"start":{"line":342,"column":0},"end":{"line":342,"column":29}},"342":{"start":{"line":343,"column":0},"end":{"line":343,"column":6}},"344":{"start":{"line":345,"column":0},"end":{"line":345,"column":67}},"345":{"start":{"line":346,"column":0},"end":{"line":346,"column":55}},"346":{"start":{"line":347,"column":0},"end":{"line":347,"column":76}},"347":{"start":{"line":348,"column":0},"end":{"line":348,"column":44}},"348":{"start":{"line":349,"column":0},"end":{"line":349,"column":26}},"349":{"start":{"line":350,"column":0},"end":{"line":350,"column":9}},"350":{"start":{"line":351,"column":0},"end":{"line":351,"column":7}},"351":{"start":{"line":352,"column":0},"end":{"line":352,"column":5}},"354":{"start":{"line":355,"column":0},"end":{"line":355,"column":38}},"355":{"start":{"line":356,"column":0},"end":{"line":356,"column":3}},"357":{"start":{"line":358,"column":0},"end":{"line":358,"column":31}},"358":{"start":{"line":359,"column":0},"end":{"line":359,"column":18}},"359":{"start":{"line":360,"column":0},"end":{"line":360,"column":45}},"360":{"start":{"line":361,"column":0},"end":{"line":361,"column":39}},"361":{"start":{"line":362,"column":0},"end":{"line":362,"column":21}},"362":{"start":{"line":363,"column":0},"end":{"line":363,"column":23}},"363":{"start":{"line":364,"column":0},"end":{"line":364,"column":22}},"364":{"start":{"line":365,"column":0},"end":{"line":365,"column":22}},"365":{"start":{"line":366,"column":0},"end":{"line":366,"column":26}},"366":{"start":{"line":367,"column":0},"end":{"line":367,"column":26}},"367":{"start":{"line":368,"column":0},"end":{"line":368,"column":26}},"368":{"start":{"line":369,"column":0},"end":{"line":369,"column":6}},"371":{"start":{"line":372,"column":0},"end":{"line":372,"column":54}},"374":{"start":{"line":375,"column":0},"end":{"line":375,"column":62}},"377":{"start":{"line":378,"column":0},"end":{"line":378,"column":27}},"378":{"start":{"line":379,"column":0},"end":{"line":379,"column":60}},"379":{"start":{"line":380,"column":0},"end":{"line":380,"column":60}},"380":{"start":{"line":381,"column":0},"end":{"line":381,"column":5}},"385":{"start":{"line":386,"column":0},"end":{"line":386,"column":24}},"386":{"start":{"line":387,"column":0},"end":{"line":387,"column":3}},"388":{"start":{"line":389,"column":0},"end":{"line":389,"column":54}},"390":{"start":{"line":391,"column":0},"end":{"line":391,"column":53}},"391":{"start":{"line":392,"column":0},"end":{"line":392,"column":27}},"392":{"start":{"line":393,"column":0},"end":{"line":393,"column":23}},"394":{"start":{"line":395,"column":0},"end":{"line":395,"column":42}},"395":{"start":{"line":396,"column":0},"end":{"line":396,"column":29}},"396":{"start":{"line":397,"column":0},"end":{"line":397,"column":19}},"399":{"start":{"line":400,"column":0},"end":{"line":400,"column":10}},"400":{"start":{"line":401,"column":0},"end":{"line":401,"column":38}},"401":{"start":{"line":402,"column":0},"end":{"line":402,"column":21}},"402":{"start":{"line":403,"column":0},"end":{"line":403,"column":22}},"403":{"start":{"line":404,"column":0},"end":{"line":404,"column":19}},"404":{"start":{"line":405,"column":0},"end":{"line":405,"column":9}},"405":{"start":{"line":406,"column":0},"end":{"line":406,"column":25}},"406":{"start":{"line":407,"column":0},"end":{"line":407,"column":7}},"407":{"start":{"line":408,"column":0},"end":{"line":408,"column":5}},"410":{"start":{"line":411,"column":0},"end":{"line":411,"column":63}},"411":{"start":{"line":412,"column":0},"end":{"line":412,"column":3}},"413":{"start":{"line":414,"column":0},"end":{"line":414,"column":57}},"414":{"start":{"line":415,"column":0},"end":{"line":415,"column":54}},"416":{"start":{"line":417,"column":0},"end":{"line":417,"column":75}},"419":{"start":{"line":420,"column":0},"end":{"line":420,"column":9}},"420":{"start":{"line":421,"column":0},"end":{"line":421,"column":23}},"421":{"start":{"line":422,"column":0},"end":{"line":422,"column":18}},"422":{"start":{"line":423,"column":0},"end":{"line":423,"column":14}},"425":{"start":{"line":426,"column":0},"end":{"line":426,"column":62}},"426":{"start":{"line":427,"column":0},"end":{"line":427,"column":18}},"427":{"start":{"line":428,"column":0},"end":{"line":428,"column":5}},"430":{"start":{"line":431,"column":0},"end":{"line":431,"column":47}},"431":{"start":{"line":432,"column":0},"end":{"line":432,"column":28}},"432":{"start":{"line":433,"column":0},"end":{"line":433,"column":66}},"433":{"start":{"line":434,"column":0},"end":{"line":434,"column":46}},"434":{"start":{"line":435,"column":0},"end":{"line":435,"column":17}},"435":{"start":{"line":436,"column":0},"end":{"line":436,"column":74}},"436":{"start":{"line":437,"column":0},"end":{"line":437,"column":8}},"437":{"start":{"line":438,"column":0},"end":{"line":438,"column":55}},"438":{"start":{"line":439,"column":0},"end":{"line":439,"column":20}},"439":{"start":{"line":440,"column":0},"end":{"line":440,"column":7}},"440":{"start":{"line":441,"column":0},"end":{"line":441,"column":5}},"442":{"start":{"line":443,"column":0},"end":{"line":443,"column":17}},"443":{"start":{"line":444,"column":0},"end":{"line":444,"column":3}},"445":{"start":{"line":446,"column":0},"end":{"line":446,"column":65}},"448":{"start":{"line":449,"column":0},"end":{"line":449,"column":19}},"449":{"start":{"line":450,"column":0},"end":{"line":450,"column":3}},"451":{"start":{"line":452,"column":0},"end":{"line":452,"column":65}},"454":{"start":{"line":455,"column":0},"end":{"line":455,"column":16}},"455":{"start":{"line":456,"column":0},"end":{"line":456,"column":3}},"457":{"start":{"line":458,"column":0},"end":{"line":458,"column":74}},"458":{"start":{"line":459,"column":0},"end":{"line":459,"column":59}},"459":{"start":{"line":460,"column":0},"end":{"line":460,"column":58}},"461":{"start":{"line":462,"column":0},"end":{"line":462,"column":36}},"463":{"start":{"line":464,"column":0},"end":{"line":464,"column":54}},"464":{"start":{"line":465,"column":0},"end":{"line":465,"column":39}},"465":{"start":{"line":466,"column":0},"end":{"line":466,"column":3}},"467":{"start":{"line":468,"column":0},"end":{"line":468,"column":30}},"468":{"start":{"line":469,"column":0},"end":{"line":469,"column":21}},"469":{"start":{"line":470,"column":0},"end":{"line":470,"column":50}},"470":{"start":{"line":471,"column":0},"end":{"line":471,"column":18}},"472":{"start":{"line":473,"column":0},"end":{"line":473,"column":57}},"473":{"start":{"line":474,"column":0},"end":{"line":474,"column":44}},"476":{"start":{"line":477,"column":0},"end":{"line":477,"column":46}},"478":{"start":{"line":479,"column":0},"end":{"line":479,"column":32}},"479":{"start":{"line":480,"column":0},"end":{"line":480,"column":29}},"480":{"start":{"line":481,"column":0},"end":{"line":481,"column":56}},"481":{"start":{"line":482,"column":0},"end":{"line":482,"column":73}},"482":{"start":{"line":483,"column":0},"end":{"line":483,"column":34}},"483":{"start":{"line":484,"column":0},"end":{"line":484,"column":9}},"484":{"start":{"line":485,"column":0},"end":{"line":485,"column":55}},"485":{"start":{"line":486,"column":0},"end":{"line":486,"column":33}},"486":{"start":{"line":487,"column":0},"end":{"line":487,"column":9}},"487":{"start":{"line":488,"column":0},"end":{"line":488,"column":33}},"488":{"start":{"line":489,"column":0},"end":{"line":489,"column":33}},"489":{"start":{"line":490,"column":0},"end":{"line":490,"column":9}},"490":{"start":{"line":491,"column":0},"end":{"line":491,"column":7}},"491":{"start":{"line":492,"column":0},"end":{"line":492,"column":5}},"493":{"start":{"line":494,"column":0},"end":{"line":494,"column":27}},"494":{"start":{"line":495,"column":0},"end":{"line":495,"column":36}},"495":{"start":{"line":496,"column":0},"end":{"line":496,"column":5}},"497":{"start":{"line":498,"column":0},"end":{"line":498,"column":30}},"498":{"start":{"line":499,"column":0},"end":{"line":499,"column":3}},"500":{"start":{"line":501,"column":0},"end":{"line":501,"column":30}},"501":{"start":{"line":502,"column":0},"end":{"line":502,"column":21}},"502":{"start":{"line":503,"column":0},"end":{"line":503,"column":51}},"503":{"start":{"line":504,"column":0},"end":{"line":504,"column":27}},"504":{"start":{"line":505,"column":0},"end":{"line":505,"column":13}},"505":{"start":{"line":506,"column":0},"end":{"line":506,"column":44}},"508":{"start":{"line":509,"column":0},"end":{"line":509,"column":41}},"509":{"start":{"line":510,"column":0},"end":{"line":510,"column":24}},"510":{"start":{"line":511,"column":0},"end":{"line":511,"column":5}},"513":{"start":{"line":514,"column":0},"end":{"line":514,"column":25}},"514":{"start":{"line":515,"column":0},"end":{"line":515,"column":24}},"515":{"start":{"line":516,"column":0},"end":{"line":516,"column":5}},"518":{"start":{"line":519,"column":0},"end":{"line":519,"column":43}},"519":{"start":{"line":520,"column":0},"end":{"line":520,"column":24}},"520":{"start":{"line":521,"column":0},"end":{"line":521,"column":5}},"523":{"start":{"line":524,"column":0},"end":{"line":524,"column":48}},"524":{"start":{"line":525,"column":0},"end":{"line":525,"column":24}},"525":{"start":{"line":526,"column":0},"end":{"line":526,"column":5}},"527":{"start":{"line":528,"column":0},"end":{"line":528,"column":37}},"528":{"start":{"line":529,"column":0},"end":{"line":529,"column":3}},"529":{"start":{"line":530,"column":0},"end":{"line":530,"column":1}},"534":{"start":{"line":535,"column":0},"end":{"line":535,"column":41}},"535":{"start":{"line":536,"column":0},"end":{"line":536,"column":37}},"536":{"start":{"line":537,"column":0},"end":{"line":537,"column":37}},"537":{"start":{"line":538,"column":0},"end":{"line":538,"column":43}},"538":{"start":{"line":539,"column":0},"end":{"line":539,"column":43}},"540":{"start":{"line":541,"column":0},"end":{"line":541,"column":67}},"541":{"start":{"line":542,"column":0},"end":{"line":542,"column":43}},"542":{"start":{"line":543,"column":0},"end":{"line":543,"column":43}},"543":{"start":{"line":544,"column":0},"end":{"line":544,"column":49}},"544":{"start":{"line":545,"column":0},"end":{"line":545,"column":49}},"545":{"start":{"line":546,"column":0},"end":{"line":546,"column":3}},"547":{"start":{"line":548,"column":0},"end":{"line":548,"column":71}},"548":{"start":{"line":549,"column":0},"end":{"line":549,"column":33}},"550":{"start":{"line":551,"column":0},"end":{"line":551,"column":9}},"552":{"start":{"line":553,"column":0},"end":{"line":553,"column":47}},"553":{"start":{"line":554,"column":0},"end":{"line":554,"column":42}},"556":{"start":{"line":557,"column":0},"end":{"line":557,"column":70}},"557":{"start":{"line":558,"column":0},"end":{"line":558,"column":15}},"558":{"start":{"line":559,"column":0},"end":{"line":559,"column":31}},"559":{"start":{"line":560,"column":0},"end":{"line":560,"column":8}},"562":{"start":{"line":563,"column":0},"end":{"line":563,"column":53}},"565":{"start":{"line":566,"column":0},"end":{"line":566,"column":42}},"566":{"start":{"line":567,"column":0},"end":{"line":567,"column":42}},"567":{"start":{"line":568,"column":0},"end":{"line":568,"column":23}},"568":{"start":{"line":569,"column":0},"end":{"line":569,"column":38}},"569":{"start":{"line":570,"column":0},"end":{"line":570,"column":42}},"570":{"start":{"line":571,"column":0},"end":{"line":571,"column":38}},"571":{"start":{"line":572,"column":0},"end":{"line":572,"column":25}},"572":{"start":{"line":573,"column":0},"end":{"line":573,"column":35}},"573":{"start":{"line":574,"column":0},"end":{"line":574,"column":32}},"574":{"start":{"line":575,"column":0},"end":{"line":575,"column":17}},"575":{"start":{"line":576,"column":0},"end":{"line":576,"column":8}},"578":{"start":{"line":579,"column":0},"end":{"line":579,"column":64}},"579":{"start":{"line":580,"column":0},"end":{"line":580,"column":15}},"580":{"start":{"line":581,"column":0},"end":{"line":581,"column":18}},"581":{"start":{"line":582,"column":0},"end":{"line":582,"column":8}},"584":{"start":{"line":585,"column":0},"end":{"line":585,"column":54}},"585":{"start":{"line":586,"column":0},"end":{"line":586,"column":32}},"586":{"start":{"line":587,"column":0},"end":{"line":587,"column":50}},"587":{"start":{"line":588,"column":0},"end":{"line":588,"column":25}},"588":{"start":{"line":589,"column":0},"end":{"line":589,"column":23}},"589":{"start":{"line":590,"column":0},"end":{"line":590,"column":47}},"590":{"start":{"line":591,"column":0},"end":{"line":591,"column":22}},"591":{"start":{"line":592,"column":0},"end":{"line":592,"column":8}},"594":{"start":{"line":595,"column":0},"end":{"line":595,"column":48}},"595":{"start":{"line":596,"column":0},"end":{"line":596,"column":44}},"596":{"start":{"line":597,"column":0},"end":{"line":597,"column":42}},"597":{"start":{"line":598,"column":0},"end":{"line":598,"column":66}},"598":{"start":{"line":599,"column":0},"end":{"line":599,"column":40}},"599":{"start":{"line":600,"column":0},"end":{"line":600,"column":19}},"600":{"start":{"line":601,"column":0},"end":{"line":601,"column":8}},"603":{"start":{"line":604,"column":0},"end":{"line":604,"column":58}},"604":{"start":{"line":605,"column":0},"end":{"line":605,"column":25}},"605":{"start":{"line":606,"column":0},"end":{"line":606,"column":17}},"606":{"start":{"line":607,"column":0},"end":{"line":607,"column":23}},"607":{"start":{"line":608,"column":0},"end":{"line":608,"column":19}},"608":{"start":{"line":609,"column":0},"end":{"line":609,"column":8}},"610":{"start":{"line":611,"column":0},"end":{"line":611,"column":14}},"611":{"start":{"line":612,"column":0},"end":{"line":612,"column":27}},"612":{"start":{"line":613,"column":0},"end":{"line":613,"column":33}},"613":{"start":{"line":614,"column":0},"end":{"line":614,"column":39}},"614":{"start":{"line":615,"column":0},"end":{"line":615,"column":33}},"615":{"start":{"line":616,"column":0},"end":{"line":616,"column":44}},"616":{"start":{"line":617,"column":0},"end":{"line":617,"column":8}},"617":{"start":{"line":618,"column":0},"end":{"line":618,"column":21}},"619":{"start":{"line":620,"column":0},"end":{"line":620,"column":54}},"620":{"start":{"line":621,"column":0},"end":{"line":621,"column":32}},"621":{"start":{"line":622,"column":0},"end":{"line":622,"column":50}},"622":{"start":{"line":623,"column":0},"end":{"line":623,"column":25}},"623":{"start":{"line":624,"column":0},"end":{"line":624,"column":23}},"624":{"start":{"line":625,"column":0},"end":{"line":625,"column":47}},"625":{"start":{"line":626,"column":0},"end":{"line":626,"column":23}},"626":{"start":{"line":627,"column":0},"end":{"line":627,"column":73}},"627":{"start":{"line":628,"column":0},"end":{"line":628,"column":8}},"629":{"start":{"line":630,"column":0},"end":{"line":630,"column":14}},"630":{"start":{"line":631,"column":0},"end":{"line":631,"column":15}},"631":{"start":{"line":632,"column":0},"end":{"line":632,"column":44}},"632":{"start":{"line":633,"column":0},"end":{"line":633,"column":25}},"633":{"start":{"line":634,"column":0},"end":{"line":634,"column":40}},"634":{"start":{"line":635,"column":0},"end":{"line":635,"column":44}},"635":{"start":{"line":636,"column":0},"end":{"line":636,"column":47}},"636":{"start":{"line":637,"column":0},"end":{"line":637,"column":18}},"637":{"start":{"line":638,"column":0},"end":{"line":638,"column":32}},"638":{"start":{"line":639,"column":0},"end":{"line":639,"column":33}},"639":{"start":{"line":640,"column":0},"end":{"line":640,"column":23}},"640":{"start":{"line":641,"column":0},"end":{"line":641,"column":10}},"641":{"start":{"line":642,"column":0},"end":{"line":642,"column":18}},"642":{"start":{"line":643,"column":0},"end":{"line":643,"column":36}},"643":{"start":{"line":644,"column":0},"end":{"line":644,"column":10}},"644":{"start":{"line":645,"column":0},"end":{"line":645,"column":39}},"645":{"start":{"line":646,"column":0},"end":{"line":646,"column":18}},"646":{"start":{"line":647,"column":0},"end":{"line":647,"column":26}},"647":{"start":{"line":648,"column":0},"end":{"line":648,"column":24}},"648":{"start":{"line":649,"column":0},"end":{"line":649,"column":26}},"649":{"start":{"line":650,"column":0},"end":{"line":650,"column":22}},"650":{"start":{"line":651,"column":0},"end":{"line":651,"column":19}},"651":{"start":{"line":652,"column":0},"end":{"line":652,"column":13}},"652":{"start":{"line":653,"column":0},"end":{"line":653,"column":35}},"653":{"start":{"line":654,"column":0},"end":{"line":654,"column":34}},"654":{"start":{"line":655,"column":0},"end":{"line":655,"column":31}},"655":{"start":{"line":656,"column":0},"end":{"line":656,"column":54}},"656":{"start":{"line":657,"column":0},"end":{"line":657,"column":70}},"657":{"start":{"line":658,"column":0},"end":{"line":658,"column":17}},"658":{"start":{"line":659,"column":0},"end":{"line":659,"column":14}},"659":{"start":{"line":660,"column":0},"end":{"line":660,"column":12}},"660":{"start":{"line":661,"column":0},"end":{"line":661,"column":10}},"661":{"start":{"line":662,"column":0},"end":{"line":662,"column":24}},"662":{"start":{"line":663,"column":0},"end":{"line":663,"column":27}},"663":{"start":{"line":664,"column":0},"end":{"line":664,"column":19}},"664":{"start":{"line":665,"column":0},"end":{"line":665,"column":25}},"665":{"start":{"line":666,"column":0},"end":{"line":666,"column":21}},"666":{"start":{"line":667,"column":0},"end":{"line":667,"column":10}},"667":{"start":{"line":668,"column":0},"end":{"line":668,"column":8}},"668":{"start":{"line":669,"column":0},"end":{"line":669,"column":5}},"669":{"start":{"line":670,"column":0},"end":{"line":670,"column":3}},"671":{"start":{"line":672,"column":0},"end":{"line":672,"column":39}},"672":{"start":{"line":673,"column":0},"end":{"line":673,"column":19}},"673":{"start":{"line":674,"column":0},"end":{"line":674,"column":33}},"674":{"start":{"line":675,"column":0},"end":{"line":675,"column":31}},"675":{"start":{"line":676,"column":0},"end":{"line":676,"column":43}},"676":{"start":{"line":677,"column":0},"end":{"line":677,"column":35}},"677":{"start":{"line":678,"column":0},"end":{"line":678,"column":45}},"678":{"start":{"line":679,"column":0},"end":{"line":679,"column":45}},"679":{"start":{"line":680,"column":0},"end":{"line":680,"column":6}},"682":{"start":{"line":683,"column":0},"end":{"line":683,"column":37}},"683":{"start":{"line":684,"column":0},"end":{"line":684,"column":32}},"684":{"start":{"line":685,"column":0},"end":{"line":685,"column":34}},"685":{"start":{"line":686,"column":0},"end":{"line":686,"column":68}},"687":{"start":{"line":688,"column":0},"end":{"line":688,"column":27}},"688":{"start":{"line":689,"column":0},"end":{"line":689,"column":67}},"690":{"start":{"line":691,"column":0},"end":{"line":691,"column":34}},"691":{"start":{"line":692,"column":0},"end":{"line":692,"column":36}},"692":{"start":{"line":693,"column":0},"end":{"line":693,"column":43}},"693":{"start":{"line":694,"column":0},"end":{"line":694,"column":48}},"694":{"start":{"line":695,"column":0},"end":{"line":695,"column":17}},"695":{"start":{"line":696,"column":0},"end":{"line":696,"column":33}},"696":{"start":{"line":697,"column":0},"end":{"line":697,"column":22}},"697":{"start":{"line":698,"column":0},"end":{"line":698,"column":10}},"699":{"start":{"line":700,"column":0},"end":{"line":700,"column":36}},"700":{"start":{"line":701,"column":0},"end":{"line":701,"column":36}},"701":{"start":{"line":702,"column":0},"end":{"line":702,"column":69}},"703":{"start":{"line":704,"column":0},"end":{"line":704,"column":29}},"704":{"start":{"line":705,"column":0},"end":{"line":705,"column":70}},"706":{"start":{"line":707,"column":0},"end":{"line":707,"column":29}},"707":{"start":{"line":708,"column":0},"end":{"line":708,"column":69}},"709":{"start":{"line":710,"column":0},"end":{"line":710,"column":28}},"710":{"start":{"line":711,"column":0},"end":{"line":711,"column":27}},"711":{"start":{"line":712,"column":0},"end":{"line":712,"column":27}},"712":{"start":{"line":713,"column":0},"end":{"line":713,"column":74}},"714":{"start":{"line":715,"column":0},"end":{"line":715,"column":14}},"715":{"start":{"line":716,"column":0},"end":{"line":716,"column":28}},"716":{"start":{"line":717,"column":0},"end":{"line":717,"column":5}},"717":{"start":{"line":718,"column":0},"end":{"line":718,"column":3}},"719":{"start":{"line":720,"column":0},"end":{"line":720,"column":36}},"720":{"start":{"line":721,"column":0},"end":{"line":721,"column":19}},"721":{"start":{"line":722,"column":0},"end":{"line":722,"column":25}},"722":{"start":{"line":723,"column":0},"end":{"line":723,"column":31}},"723":{"start":{"line":724,"column":0},"end":{"line":724,"column":41}},"724":{"start":{"line":725,"column":0},"end":{"line":725,"column":35}},"725":{"start":{"line":726,"column":0},"end":{"line":726,"column":70}},"727":{"start":{"line":728,"column":0},"end":{"line":728,"column":12}},"728":{"start":{"line":729,"column":0},"end":{"line":729,"column":14}},"729":{"start":{"line":730,"column":0},"end":{"line":730,"column":30}},"730":{"start":{"line":731,"column":0},"end":{"line":731,"column":34}},"731":{"start":{"line":732,"column":0},"end":{"line":732,"column":59}},"732":{"start":{"line":733,"column":0},"end":{"line":733,"column":6}},"733":{"start":{"line":734,"column":0},"end":{"line":734,"column":3}},"735":{"start":{"line":736,"column":0},"end":{"line":736,"column":35}},"736":{"start":{"line":737,"column":0},"end":{"line":737,"column":19}},"737":{"start":{"line":738,"column":0},"end":{"line":738,"column":25}},"738":{"start":{"line":739,"column":0},"end":{"line":739,"column":31}},"739":{"start":{"line":740,"column":0},"end":{"line":740,"column":9}},"741":{"start":{"line":742,"column":0},"end":{"line":742,"column":75}},"744":{"start":{"line":745,"column":0},"end":{"line":745,"column":14}},"745":{"start":{"line":746,"column":0},"end":{"line":746,"column":16}},"746":{"start":{"line":747,"column":0},"end":{"line":747,"column":27}},"747":{"start":{"line":748,"column":0},"end":{"line":748,"column":8}},"748":{"start":{"line":749,"column":0},"end":{"line":749,"column":21}},"750":{"start":{"line":751,"column":0},"end":{"line":751,"column":14}},"751":{"start":{"line":752,"column":0},"end":{"line":752,"column":16}},"752":{"start":{"line":753,"column":0},"end":{"line":753,"column":21}},"753":{"start":{"line":754,"column":0},"end":{"line":754,"column":21}},"754":{"start":{"line":755,"column":0},"end":{"line":755,"column":38}},"755":{"start":{"line":756,"column":0},"end":{"line":756,"column":8}},"756":{"start":{"line":757,"column":0},"end":{"line":757,"column":5}},"757":{"start":{"line":758,"column":0},"end":{"line":758,"column":3}},"759":{"start":{"line":760,"column":0},"end":{"line":760,"column":37}},"760":{"start":{"line":761,"column":0},"end":{"line":761,"column":19}},"761":{"start":{"line":762,"column":0},"end":{"line":762,"column":25}},"762":{"start":{"line":763,"column":0},"end":{"line":763,"column":31}},"763":{"start":{"line":764,"column":0},"end":{"line":764,"column":9}},"765":{"start":{"line":766,"column":0},"end":{"line":766,"column":51}},"766":{"start":{"line":767,"column":0},"end":{"line":767,"column":72}},"767":{"start":{"line":768,"column":0},"end":{"line":768,"column":17}},"768":{"start":{"line":769,"column":0},"end":{"line":769,"column":11}},"769":{"start":{"line":770,"column":0},"end":{"line":770,"column":59}},"770":{"start":{"line":771,"column":0},"end":{"line":771,"column":11}},"771":{"start":{"line":772,"column":0},"end":{"line":772,"column":10}},"774":{"start":{"line":775,"column":0},"end":{"line":775,"column":16}},"775":{"start":{"line":776,"column":0},"end":{"line":776,"column":18}},"776":{"start":{"line":777,"column":0},"end":{"line":777,"column":32}},"777":{"start":{"line":778,"column":0},"end":{"line":778,"column":10}},"778":{"start":{"line":779,"column":0},"end":{"line":779,"column":7}},"781":{"start":{"line":782,"column":0},"end":{"line":782,"column":14}},"782":{"start":{"line":783,"column":0},"end":{"line":783,"column":16}},"783":{"start":{"line":784,"column":0},"end":{"line":784,"column":85}},"784":{"start":{"line":785,"column":0},"end":{"line":785,"column":8}},"785":{"start":{"line":786,"column":0},"end":{"line":786,"column":21}},"787":{"start":{"line":788,"column":0},"end":{"line":788,"column":14}},"788":{"start":{"line":789,"column":0},"end":{"line":789,"column":16}},"789":{"start":{"line":790,"column":0},"end":{"line":790,"column":44}},"790":{"start":{"line":791,"column":0},"end":{"line":791,"column":8}},"791":{"start":{"line":792,"column":0},"end":{"line":792,"column":5}},"792":{"start":{"line":793,"column":0},"end":{"line":793,"column":3}},"794":{"start":{"line":795,"column":0},"end":{"line":795,"column":38}},"795":{"start":{"line":796,"column":0},"end":{"line":796,"column":19}},"796":{"start":{"line":797,"column":0},"end":{"line":797,"column":29}},"797":{"start":{"line":798,"column":0},"end":{"line":798,"column":25}},"798":{"start":{"line":799,"column":0},"end":{"line":799,"column":31}},"799":{"start":{"line":800,"column":0},"end":{"line":800,"column":9}},"801":{"start":{"line":802,"column":0},"end":{"line":802,"column":76}},"802":{"start":{"line":803,"column":0},"end":{"line":803,"column":15}},"803":{"start":{"line":804,"column":0},"end":{"line":804,"column":19}},"804":{"start":{"line":805,"column":0},"end":{"line":805,"column":8}},"807":{"start":{"line":808,"column":0},"end":{"line":808,"column":14}},"808":{"start":{"line":809,"column":0},"end":{"line":809,"column":16}},"809":{"start":{"line":810,"column":0},"end":{"line":810,"column":33}},"810":{"start":{"line":811,"column":0},"end":{"line":811,"column":8}},"811":{"start":{"line":812,"column":0},"end":{"line":812,"column":21}},"813":{"start":{"line":814,"column":0},"end":{"line":814,"column":14}},"814":{"start":{"line":815,"column":0},"end":{"line":815,"column":16}},"815":{"start":{"line":816,"column":0},"end":{"line":816,"column":21}},"816":{"start":{"line":817,"column":0},"end":{"line":817,"column":38}},"817":{"start":{"line":818,"column":0},"end":{"line":818,"column":8}},"818":{"start":{"line":819,"column":0},"end":{"line":819,"column":5}},"819":{"start":{"line":820,"column":0},"end":{"line":820,"column":3}},"821":{"start":{"line":822,"column":0},"end":{"line":822,"column":38}},"822":{"start":{"line":823,"column":0},"end":{"line":823,"column":19}},"823":{"start":{"line":824,"column":0},"end":{"line":824,"column":25}},"824":{"start":{"line":825,"column":0},"end":{"line":825,"column":31}},"825":{"start":{"line":826,"column":0},"end":{"line":826,"column":9}},"827":{"start":{"line":828,"column":0},"end":{"line":828,"column":75}},"828":{"start":{"line":829,"column":0},"end":{"line":829,"column":15}},"829":{"start":{"line":830,"column":0},"end":{"line":830,"column":9}},"830":{"start":{"line":831,"column":0},"end":{"line":831,"column":47}},"831":{"start":{"line":832,"column":0},"end":{"line":832,"column":28}},"832":{"start":{"line":833,"column":0},"end":{"line":833,"column":9}},"833":{"start":{"line":834,"column":0},"end":{"line":834,"column":8}},"836":{"start":{"line":837,"column":0},"end":{"line":837,"column":14}},"837":{"start":{"line":838,"column":0},"end":{"line":838,"column":16}},"838":{"start":{"line":839,"column":0},"end":{"line":839,"column":33}},"839":{"start":{"line":840,"column":0},"end":{"line":840,"column":8}},"840":{"start":{"line":841,"column":0},"end":{"line":841,"column":21}},"842":{"start":{"line":843,"column":0},"end":{"line":843,"column":14}},"843":{"start":{"line":844,"column":0},"end":{"line":844,"column":16}},"844":{"start":{"line":845,"column":0},"end":{"line":845,"column":21}},"845":{"start":{"line":846,"column":0},"end":{"line":846,"column":26}},"846":{"start":{"line":847,"column":0},"end":{"line":847,"column":8}},"847":{"start":{"line":848,"column":0},"end":{"line":848,"column":5}},"848":{"start":{"line":849,"column":0},"end":{"line":849,"column":3}},"850":{"start":{"line":851,"column":0},"end":{"line":851,"column":37}},"851":{"start":{"line":852,"column":0},"end":{"line":852,"column":19}},"852":{"start":{"line":853,"column":0},"end":{"line":853,"column":25}},"853":{"start":{"line":854,"column":0},"end":{"line":854,"column":31}},"856":{"start":{"line":857,"column":0},"end":{"line":857,"column":12}},"857":{"start":{"line":858,"column":0},"end":{"line":858,"column":14}},"858":{"start":{"line":859,"column":0},"end":{"line":859,"column":33}},"859":{"start":{"line":860,"column":0},"end":{"line":860,"column":6}},"860":{"start":{"line":861,"column":0},"end":{"line":861,"column":3}},"862":{"start":{"line":863,"column":0},"end":{"line":863,"column":37}},"863":{"start":{"line":864,"column":0},"end":{"line":864,"column":19}},"864":{"start":{"line":865,"column":0},"end":{"line":865,"column":25}},"865":{"start":{"line":866,"column":0},"end":{"line":866,"column":31}},"868":{"start":{"line":869,"column":0},"end":{"line":869,"column":12}},"869":{"start":{"line":870,"column":0},"end":{"line":870,"column":14}},"870":{"start":{"line":871,"column":0},"end":{"line":871,"column":33}},"871":{"start":{"line":872,"column":0},"end":{"line":872,"column":57}},"872":{"start":{"line":873,"column":0},"end":{"line":873,"column":6}},"873":{"start":{"line":874,"column":0},"end":{"line":874,"column":3}},"875":{"start":{"line":876,"column":0},"end":{"line":876,"column":42}},"876":{"start":{"line":877,"column":0},"end":{"line":877,"column":19}},"877":{"start":{"line":878,"column":0},"end":{"line":878,"column":25}},"878":{"start":{"line":879,"column":0},"end":{"line":879,"column":31}},"879":{"start":{"line":880,"column":0},"end":{"line":880,"column":41}},"881":{"start":{"line":882,"column":0},"end":{"line":882,"column":12}},"882":{"start":{"line":883,"column":0},"end":{"line":883,"column":14}},"883":{"start":{"line":884,"column":0},"end":{"line":884,"column":76}},"884":{"start":{"line":885,"column":0},"end":{"line":885,"column":34}},"885":{"start":{"line":886,"column":0},"end":{"line":886,"column":6}},"886":{"start":{"line":887,"column":0},"end":{"line":887,"column":3}},"888":{"start":{"line":889,"column":0},"end":{"line":889,"column":75}},"889":{"start":{"line":890,"column":0},"end":{"line":890,"column":18}},"890":{"start":{"line":891,"column":0},"end":{"line":891,"column":21}},"893":{"start":{"line":894,"column":0},"end":{"line":894,"column":15}},"894":{"start":{"line":895,"column":0},"end":{"line":895,"column":18}},"897":{"start":{"line":898,"column":0},"end":{"line":898,"column":77}},"898":{"start":{"line":899,"column":0},"end":{"line":899,"column":17}},"899":{"start":{"line":900,"column":0},"end":{"line":900,"column":5}},"900":{"start":{"line":901,"column":0},"end":{"line":901,"column":18}},"903":{"start":{"line":904,"column":0},"end":{"line":904,"column":77}},"904":{"start":{"line":905,"column":0},"end":{"line":905,"column":17}},"905":{"start":{"line":906,"column":0},"end":{"line":906,"column":5}},"906":{"start":{"line":907,"column":0},"end":{"line":907,"column":18}},"909":{"start":{"line":910,"column":0},"end":{"line":910,"column":35}},"910":{"start":{"line":911,"column":0},"end":{"line":911,"column":32}},"911":{"start":{"line":912,"column":0},"end":{"line":912,"column":34}},"912":{"start":{"line":913,"column":0},"end":{"line":913,"column":64}},"913":{"start":{"line":914,"column":0},"end":{"line":914,"column":69}},"914":{"start":{"line":915,"column":0},"end":{"line":915,"column":22}},"915":{"start":{"line":916,"column":0},"end":{"line":916,"column":14}},"917":{"start":{"line":918,"column":0},"end":{"line":918,"column":27}},"918":{"start":{"line":919,"column":0},"end":{"line":919,"column":64}},"919":{"start":{"line":920,"column":0},"end":{"line":920,"column":22}},"920":{"start":{"line":921,"column":0},"end":{"line":921,"column":14}},"922":{"start":{"line":923,"column":0},"end":{"line":923,"column":36}},"923":{"start":{"line":924,"column":0},"end":{"line":924,"column":36}},"924":{"start":{"line":925,"column":0},"end":{"line":925,"column":65}},"925":{"start":{"line":926,"column":0},"end":{"line":926,"column":22}},"926":{"start":{"line":927,"column":0},"end":{"line":927,"column":14}},"928":{"start":{"line":929,"column":0},"end":{"line":929,"column":29}},"929":{"start":{"line":930,"column":0},"end":{"line":930,"column":29}},"930":{"start":{"line":931,"column":0},"end":{"line":931,"column":63}},"931":{"start":{"line":932,"column":0},"end":{"line":932,"column":22}},"932":{"start":{"line":933,"column":0},"end":{"line":933,"column":14}},"933":{"start":{"line":934,"column":0},"end":{"line":934,"column":5}},"935":{"start":{"line":936,"column":0},"end":{"line":936,"column":47}},"936":{"start":{"line":937,"column":0},"end":{"line":937,"column":3}},"938":{"start":{"line":939,"column":0},"end":{"line":939,"column":52}},"939":{"start":{"line":940,"column":0},"end":{"line":940,"column":78}},"940":{"start":{"line":941,"column":0},"end":{"line":941,"column":26}},"941":{"start":{"line":942,"column":0},"end":{"line":942,"column":3}},"943":{"start":{"line":944,"column":0},"end":{"line":944,"column":52}},"944":{"start":{"line":945,"column":0},"end":{"line":945,"column":58}},"945":{"start":{"line":946,"column":0},"end":{"line":946,"column":3}},"946":{"start":{"line":947,"column":0},"end":{"line":947,"column":1}}},"s":{"0":1,"1":1,"2":1,"3":1,"7":1,"11":1,"15":1,"23":1,"25":1,"26":1,"27":1,"30":1,"31":1,"32":1,"33":1,"36":1,"37":1,"38":1,"41":1,"42":1,"45":1,"48":1,"49":1,"50":1,"53":1,"54":1,"157":1,"158":1,"160":0,"161":0,"162":0,"165":0,"166":0,"167":0,"168":0,"169":0,"170":0,"171":0,"172":0,"173":0,"174":0,"175":0,"176":0,"177":0,"178":0,"179":0,"180":0,"183":0,"184":0,"185":0,"186":0,"187":0,"188":0,"189":0,"192":0,"193":0,"194":0,"195":0,"196":0,"199":0,"200":0,"201":0,"202":0,"203":0,"206":0,"207":0,"208":0,"209":0,"210":0,"212":0,"214":0,"215":0,"216":0,"219":0,"220":0,"221":0,"222":0,"223":0,"224":0,"225":0,"228":0,"229":0,"230":0,"231":0,"232":0,"233":0,"234":0,"235":0,"238":0,"239":0,"240":0,"241":0,"242":0,"245":0,"246":0,"247":0,"248":0,"249":0,"252":0,"253":0,"254":0,"255":0,"257":1,"258":0,"259":0,"260":0,"262":0,"265":0,"268":0,"269":0,"272":0,"275":0,"276":0,"277":0,"278":0,"279":0,"280":0,"281":0,"282":0,"284":0,"285":0,"286":0,"287":0,"288":0,"289":0,"290":0,"291":0,"292":0,"293":0,"294":0,"296":1,"300":0,"304":0,"305":0,"306":0,"307":0,"308":0,"309":0,"310":0,"311":0,"312":0,"313":0,"314":0,"315":0,"316":0,"317":0,"318":0,"319":0,"320":0,"321":0,"322":0,"323":0,"324":0,"325":0,"326":0,"327":0,"328":0,"329":0,"330":0,"331":0,"332":0,"333":0,"334":0,"335":0,"336":0,"337":0,"338":0,"339":0,"340":0,"341":0,"342":0,"344":0,"345":0,"346":0,"347":0,"348":0,"349":0,"350":0,"351":0,"354":0,"355":0,"357":1,"358":0,"359":0,"360":0,"361":0,"362":0,"363":0,"364":0,"365":0,"366":0,"367":0,"368":0,"371":0,"374":0,"377":0,"378":0,"379":0,"380":0,"385":0,"386":0,"388":1,"390":0,"391":0,"392":0,"394":0,"395":0,"396":0,"399":0,"400":0,"401":0,"402":0,"403":0,"404":0,"405":0,"406":0,"407":0,"410":0,"411":0,"413":1,"414":0,"416":0,"419":0,"420":0,"421":0,"422":0,"425":0,"426":0,"427":0,"430":0,"431":0,"432":0,"433":0,"434":0,"435":0,"436":0,"437":0,"438":0,"439":0,"440":0,"442":0,"443":0,"445":1,"448":0,"449":0,"451":1,"454":0,"455":0,"457":1,"458":0,"459":0,"461":0,"463":0,"464":0,"465":0,"467":1,"468":0,"469":0,"470":0,"472":0,"473":0,"476":0,"478":0,"479":0,"480":0,"481":0,"482":0,"483":0,"484":0,"485":0,"486":0,"487":0,"488":0,"489":0,"490":0,"491":0,"493":0,"494":0,"495":0,"497":0,"498":0,"500":1,"501":0,"502":0,"503":0,"504":0,"505":0,"508":0,"509":0,"510":0,"513":0,"514":0,"515":0,"518":0,"519":0,"520":0,"523":0,"524":0,"525":0,"527":0,"528":0,"529":1,"534":1,"535":1,"536":1,"537":1,"538":1,"540":1,"541":0,"542":0,"543":0,"544":0,"545":0,"547":1,"548":0,"550":0,"552":0,"553":0,"556":0,"557":0,"558":0,"559":0,"562":0,"565":0,"566":0,"567":0,"568":0,"569":0,"570":0,"571":0,"572":0,"573":0,"574":0,"575":0,"578":0,"579":0,"580":0,"581":0,"584":0,"585":0,"586":0,"587":0,"588":0,"589":0,"590":0,"591":0,"594":0,"595":0,"596":0,"597":0,"598":0,"599":0,"600":0,"603":0,"604":0,"605":0,"606":0,"607":0,"608":0,"610":0,"611":0,"612":0,"613":0,"614":0,"615":0,"616":0,"617":0,"619":0,"620":0,"621":0,"622":0,"623":0,"624":0,"625":0,"626":0,"627":0,"629":0,"630":0,"631":0,"632":0,"633":0,"634":0,"635":0,"636":0,"637":0,"638":0,"639":0,"640":0,"641":0,"642":0,"643":0,"644":0,"645":0,"646":0,"647":0,"648":0,"649":0,"650":0,"651":0,"652":0,"653":0,"654":0,"655":0,"656":0,"657":0,"658":0,"659":0,"660":0,"661":0,"662":0,"663":0,"664":0,"665":0,"666":0,"667":0,"668":0,"669":0,"671":1,"672":0,"673":0,"674":0,"675":0,"676":0,"677":0,"678":0,"679":0,"682":0,"683":0,"684":0,"685":0,"687":0,"688":0,"690":0,"691":0,"692":0,"693":0,"694":0,"695":0,"696":0,"697":0,"699":0,"700":0,"701":0,"703":0,"704":0,"706":0,"707":0,"709":0,"710":0,"711":0,"712":0,"714":0,"715":0,"716":0,"717":0,"719":1,"720":0,"721":0,"722":0,"723":0,"724":0,"725":0,"727":0,"728":0,"729":0,"730":0,"731":0,"732":0,"733":0,"735":1,"736":0,"737":0,"738":0,"739":0,"741":0,"744":0,"745":0,"746":0,"747":0,"748":0,"750":0,"751":0,"752":0,"753":0,"754":0,"755":0,"756":0,"757":0,"759":1,"760":0,"761":0,"762":0,"763":0,"765":0,"766":0,"767":0,"768":0,"769":0,"770":0,"771":0,"774":0,"775":0,"776":0,"777":0,"778":0,"781":0,"782":0,"783":0,"784":0,"785":0,"787":0,"788":0,"789":0,"790":0,"791":0,"792":0,"794":1,"795":0,"796":0,"797":0,"798":0,"799":0,"801":0,"802":0,"803":0,"804":0,"807":0,"808":0,"809":0,"810":0,"811":0,"813":0,"814":0,"815":0,"816":0,"817":0,"818":0,"819":0,"821":1,"822":0,"823":0,"824":0,"825":0,"827":0,"828":0,"829":0,"830":0,"831":0,"832":0,"833":0,"836":0,"837":0,"838":0,"839":0,"840":0,"842":0,"843":0,"844":0,"845":0,"846":0,"847":0,"848":0,"850":1,"851":0,"852":0,"853":0,"856":0,"857":0,"858":0,"859":0,"860":0,"862":1,"863":0,"864":0,"865":0,"868":0,"869":0,"870":0,"871":0,"872":0,"873":0,"875":1,"876":0,"877":0,"878":0,"879":0,"881":0,"882":0,"883":0,"884":0,"885":0,"886":0,"888":1,"889":0,"890":0,"893":0,"894":0,"897":0,"898":0,"899":0,"900":0,"903":0,"904":0,"905":0,"906":0,"909":0,"910":0,"911":0,"912":0,"913":0,"914":0,"915":0,"917":0,"918":0,"919":0,"920":0,"922":0,"923":0,"924":0,"925":0,"926":0,"928":0,"929":0,"930":0,"931":0,"932":0,"933":0,"935":0,"936":0,"938":1,"939":0,"940":0,"941":0,"943":1,"944":0,"945":0,"946":1},"branchMap":{"0":{"type":"branch","line":24,"loc":{"start":{"line":24,"column":7},"end":{"line":24,"column":25}},"locations":[{"start":{"line":24,"column":7},"end":{"line":24,"column":25}}]},"1":{"type":"branch","line":159,"loc":{"start":{"line":159,"column":10},"end":{"line":256,"column":5}},"locations":[{"start":{"line":159,"column":10},"end":{"line":256,"column":5}}]}},"b":{"0":[3],"1":[0]},"fnMap":{"0":{"name":"<instance_members_initializer>","decl":{"start":{"line":159,"column":10},"end":{"line":256,"column":5}},"loc":{"start":{"line":159,"column":10},"end":{"line":256,"column":5}},"line":159},"1":{"name":"detectContentType","decl":{"start":{"line":258,"column":2},"end":{"line":295,"column":3}},"loc":{"start":{"line":258,"column":2},"end":{"line":295,"column":3}},"line":258},"2":{"name":"detectMimeType","decl":{"start":{"line":297,"column":2},"end":{"line":356,"column":3}},"loc":{"start":{"line":297,"column":2},"end":{"line":356,"column":3}},"line":297},"3":{"name":"analyzeContent","decl":{"start":{"line":358,"column":2},"end":{"line":387,"column":3}},"loc":{"start":{"line":358,"column":2},"end":{"line":387,"column":3}},"line":358},"4":{"name":"detectTextContent","decl":{"start":{"line":389,"column":10},"end":{"line":412,"column":3}},"loc":{"start":{"line":389,"column":10},"end":{"line":412,"column":3}},"line":389},"5":{"name":"detectStructuredData","decl":{"start":{"line":414,"column":10},"end":{"line":444,"column":3}},"loc":{"start":{"line":414,"column":10},"end":{"line":444,"column":3}},"line":414},"6":{"name":"detectEncoding","decl":{"start":{"line":446,"column":2},"end":{"line":450,"column":3}},"loc":{"start":{"line":446,"column":2},"end":{"line":450,"column":3}},"line":446},"7":{"name":"detectLanguage","decl":{"start":{"line":452,"column":2},"end":{"line":456,"column":3}},"loc":{"start":{"line":452,"column":2},"end":{"line":456,"column":3}},"line":452},"8":{"name":"validateExtension","decl":{"start":{"line":458,"column":10},"end":{"line":466,"column":3}},"loc":{"start":{"line":458,"column":10},"end":{"line":466,"column":3}},"line":458},"9":{"name":"classifyContentType","decl":{"start":{"line":468,"column":10},"end":{"line":499,"column":3}},"loc":{"start":{"line":468,"column":10},"end":{"line":499,"column":3}},"line":468},"10":{"name":"calculateConfidence","decl":{"start":{"line":501,"column":10},"end":{"line":529,"column":3}},"loc":{"start":{"line":501,"column":10},"end":{"line":529,"column":3}},"line":501},"11":{"name":"UniversalMetadataExtractor","decl":{"start":{"line":541,"column":2},"end":{"line":546,"column":3}},"loc":{"start":{"line":541,"column":2},"end":{"line":546,"column":3}},"line":541},"12":{"name":"extractMetadata","decl":{"start":{"line":548,"column":2},"end":{"line":670,"column":3}},"loc":{"start":{"line":548,"column":2},"end":{"line":670,"column":3}},"line":548},"13":{"name":"extractContentMetadata","decl":{"start":{"line":672,"column":2},"end":{"line":718,"column":3}},"loc":{"start":{"line":672,"column":2},"end":{"line":718,"column":3}},"line":672},"14":{"name":"extractTextMetadata","decl":{"start":{"line":720,"column":2},"end":{"line":734,"column":3}},"loc":{"start":{"line":720,"column":2},"end":{"line":734,"column":3}},"line":720},"15":{"name":"extractPDFMetadata","decl":{"start":{"line":736,"column":2},"end":{"line":758,"column":3}},"loc":{"start":{"line":736,"column":2},"end":{"line":758,"column":3}},"line":736},"16":{"name":"extractImageMetadata","decl":{"start":{"line":760,"column":2},"end":{"line":793,"column":3}},"loc":{"start":{"line":760,"column":2},"end":{"line":793,"column":3}},"line":760},"17":{"name":"extractOfficeMetadata","decl":{"start":{"line":795,"column":2},"end":{"line":820,"column":3}},"loc":{"start":{"line":795,"column":2},"end":{"line":820,"column":3}},"line":795},"18":{"name":"extractSpeechMetadata","decl":{"start":{"line":822,"column":2},"end":{"line":849,"column":3}},"loc":{"start":{"line":822,"column":2},"end":{"line":849,"column":3}},"line":822},"19":{"name":"extractAudioMetadata","decl":{"start":{"line":851,"column":2},"end":{"line":861,"column":3}},"loc":{"start":{"line":851,"column":2},"end":{"line":861,"column":3}},"line":851},"20":{"name":"extractVideoMetadata","decl":{"start":{"line":863,"column":2},"end":{"line":874,"column":3}},"loc":{"start":{"line":863,"column":2},"end":{"line":874,"column":3}},"line":863},"21":{"name":"extractStructuredMetadata","decl":{"start":{"line":876,"column":2},"end":{"line":887,"column":3}},"loc":{"start":{"line":876,"column":2},"end":{"line":887,"column":3}},"line":876},"22":{"name":"calculateCompleteness","decl":{"start":{"line":889,"column":10},"end":{"line":937,"column":3}},"loc":{"start":{"line":889,"column":10},"end":{"line":937,"column":3}},"line":889},"23":{"name":"generateFileId","decl":{"start":{"line":939,"column":10},"end":{"line":942,"column":3}},"loc":{"start":{"line":939,"column":10},"end":{"line":942,"column":3}},"line":939},"24":{"name":"generateChecks
[...]
161":{"start":{"line":162,"column":0},"end":{"line":162,"column":39}},"162":{"start":{"line":163,"column":0},"end":{"line":163,"column":51}},"163":{"start":{"line":164,"column":0},"end":{"line":164,"column":18}},"164":{"start":{"line":165,"column":0},"end":{"line":165,"column":8}},"165":{"start":{"line":166,"column":0},"end":{"line":166,"column":5}},"166":{"start":{"line":167,"column":0},"end":{"line":167,"column":3}},"171":{"start":{"line":172,"column":0},"end":{"line":172,"column":27}},"172":{"start":{"line":173,"column":0},"end":{"line":173,"column":21}},"173":{"start":{"line":174,"column":0},"end":{"line":174,"column":14}},"176":{"start":{"line":177,"column":0},"end":{"line":177,"column":10}},"180":{"start":{"line":181,"column":0},"end":{"line":181,"column":6}},"181":{"start":{"line":182,"column":0},"end":{"line":182,"column":9}},"182":{"start":{"line":183,"column":0},"end":{"line":183,"column":47}},"183":{"start":{"line":184,"column":0},"end":{"line":184,"column":62}},"184":{"start":{"line":185,"column":0},"end":{"line":185,"column":21}},"185":{"start":{"line":186,"column":0},"end":{"line":186,"column":26}},"186":{"start":{"line":187,"column":0},"end":{"line":187,"column":63}},"188":{"start":{"line":189,"column":0},"end":{"line":189,"column":54}},"189":{"start":{"line":190,"column":0},"end":{"line":190,"column":32}},"190":{"start":{"line":191,"column":0},"end":{"line":191,"column":28}},"191":{"start":{"line":192,"column":0},"end":{"line":192,"column":28}},"192":{"start":{"line":193,"column":0},"end":{"line":193,"column":23}},"193":{"start":{"line":194,"column":0},"end":{"line":194,"column":21}},"194":{"start":{"line":195,"column":0},"end":{"line":195,"column":26}},"195":{"start":{"line":196,"column":0},"end":{"line":196,"column":8}},"197":{"start":{"line":198,"column":0},"end":{"line":198,"column":14}},"198":{"start":{"line":199,"column":0},"end":{"line":199,"column":72}},"199":{"start":{"line":200,"column":0},"end":{"line":200,"column":34}},"200":{"start":{"line":201,"column":0},"end":{"line":201,"column":8}},"201":{"start":{"line":202,"column":0},"end":{"line":202,"column":5}},"202":{"start":{"line":203,"column":0},"end":{"line":203,"column":3}},"207":{"start":{"line":208,"column":0},"end":{"line":208,"column":51}},"209":{"start":{"line":210,"column":0},"end":{"line":210,"column":24}},"210":{"start":{"line":211,"column":0},"end":{"line":211,"column":58}},"211":{"start":{"line":212,"column":0},"end":{"line":212,"column":62}},"212":{"start":{"line":213,"column":0},"end":{"line":213,"column":51}},"213":{"start":{"line":214,"column":0},"end":{"line":214,"column":58}},"214":{"start":{"line":215,"column":0},"end":{"line":215,"column":59}},"215":{"start":{"line":216,"column":0},"end":{"line":216,"column":6}},"217":{"start":{"line":218,"column":0},"end":{"line":218,"column":27}},"218":{"start":{"line":219,"column":0},"end":{"line":219,"column":20}},"219":{"start":{"line":220,"column":0},"end":{"line":220,"column":50}},"220":{"start":{"line":221,"column":0},"end":{"line":221,"column":62}},"221":{"start":{"line":222,"column":0},"end":{"line":222,"column":6}},"222":{"start":{"line":223,"column":0},"end":{"line":223,"column":3}},"228":{"start":{"line":229,"column":0},"end":{"line":229,"column":73}},"229":{"start":{"line":230,"column":0},"end":{"line":230,"column":9}},"238":{"start":{"line":239,"column":0},"end":{"line":239,"column":18}},"239":{"start":{"line":240,"column":0},"end":{"line":240,"column":21}},"240":{"start":{"line":241,"column":0},"end":{"line":241,"column":18}},"241":{"start":{"line":242,"column":0},"end":{"line":242,"column":5}},"242":{"start":{"line":243,"column":0},"end":{"line":243,"column":3}},"247":{"start":{"line":248,"column":0},"end":{"line":248,"column":31}},"248":{"start":{"line":249,"column":0},"end":{"line":249,"column":19}},"249":{"start":{"line":250,"column":0},"end":{"line":250,"column":21}},"253":{"start":{"line":254,"column":0},"end":{"line":254,"column":5}},"254":{"start":{"line":255,"column":0},"end":{"line":255,"column":52}},"255":{"start":{"line":256,"column":0},"end":{"line":256,"column":30}},"256":{"start":{"line":257,"column":0},"end":{"line":257,"column":26}},"257":{"start":{"line":258,"column":0},"end":{"line":258,"column":26}},"258":{"start":{"line":259,"column":0},"end":{"line":259,"column":21}},"259":{"start":{"line":260,"column":0},"end":{"line":260,"column":19}},"260":{"start":{"line":261,"column":0},"end":{"line":261,"column":24}},"261":{"start":{"line":262,"column":0},"end":{"line":262,"column":23}},"262":{"start":{"line":263,"column":0},"end":{"line":263,"column":47}},"263":{"start":{"line":264,"column":0},"end":{"line":264,"column":28}},"264":{"start":{"line":265,"column":0},"end":{"line":265,"column":23}},"265":{"start":{"line":266,"column":0},"end":{"line":266,"column":8}},"266":{"start":{"line":267,"column":0},"end":{"line":267,"column":6}},"268":{"start":{"line":269,"column":0},"end":{"line":269,"column":12}},"269":{"start":{"line":270,"column":0},"end":{"line":270,"column":31}},"270":{"start":{"line":271,"column":0},"end":{"line":271,"column":32}},"271":{"start":{"line":272,"column":0},"end":{"line":272,"column":6}},"272":{"start":{"line":273,"column":0},"end":{"line":273,"column":3}},"277":{"start":{"line":278,"column":0},"end":{"line":278,"column":48}},"278":{"start":{"line":279,"column":0},"end":{"line":279,"column":53}},"281":{"start":{"line":282,"column":0},"end":{"line":282,"column":77}},"282":{"start":{"line":283,"column":0},"end":{"line":283,"column":24}},"283":{"start":{"line":284,"column":0},"end":{"line":284,"column":66}},"284":{"start":{"line":285,"column":0},"end":{"line":285,"column":23}},"285":{"start":{"line":286,"column":0},"end":{"line":286,"column":65}},"287":{"start":{"line":288,"column":0},"end":{"line":288,"column":67}},"288":{"start":{"line":289,"column":0},"end":{"line":289,"column":67}},"289":{"start":{"line":290,"column":0},"end":{"line":290,"column":65}},"291":{"start":{"line":292,"column":0},"end":{"line":292,"column":79}},"293":{"start":{"line":294,"column":0},"end":{"line":294,"column":43}},"294":{"start":{"line":295,"column":0},"end":{"line":295,"column":51}},"295":{"start":{"line":296,"column":0},"end":{"line":296,"column":51}},"296":{"start":{"line":297,"column":0},"end":{"line":297,"column":50}},"298":{"start":{"line":299,"column":0},"end":{"line":299,"column":21}},"299":{"start":{"line":300,"column":0},"end":{"line":300,"column":3}},"304":{"start":{"line":305,"column":0},"end":{"line":305,"column":34}},"305":{"start":{"line":306,"column":0},"end":{"line":306,"column":26}},"306":{"start":{"line":307,"column":0},"end":{"line":307,"column":29}},"307":{"start":{"line":308,"column":0},"end":{"line":308,"column":29}},"308":{"start":{"line":309,"column":0},"end":{"line":309,"column":5}},"309":{"start":{"line":310,"column":0},"end":{"line":310,"column":21}},"310":{"start":{"line":311,"column":0},"end":{"line":311,"column":24}},"311":{"start":{"line":312,"column":0},"end":{"line":312,"column":24}},"312":{"start":{"line":313,"column":0},"end":{"line":313,"column":5}},"313":{"start":{"line":314,"column":0},"end":{"line":314,"column":29}},"314":{"start":{"line":315,"column":0},"end":{"line":315,"column":3}},"319":{"start":{"line":320,"column":0},"end":{"line":320,"column":22}},"320":{"start":{"line":321,"column":0},"end":{"line":321,"column":56}},"321":{"start":{"line":322,"column":0},"end":{"line":322,"column":3}},"322":{"start":{"line":323,"column":0},"end":{"line":323,"column":1}}},"s":{"0":1,"6":1,"7":1,"26":1,"27":1,"28":19,"29":19,"34":1,"35":15,"37":14,"40":14,"41":14,"42":14,"43":14,"44":14,"45":14,"46":14,"47":14,"48":14,"49":14,"50":14,"51":14,"53":14,"54":14,"55":14,"56":14,"57":14,"58":14,"59":14,"60":14,"61":14,"64":14,"65":14,"67":14,"68":15,"69":0,"71":0,"72":15,"77":1,"78":15,"79":15,"82":15,"86":15,"87":15,"88":15,"90":15,"93":15,"94":0,"95":0,"96":0,"97":0,"98":0,"102":15,"104":15,"105":2,"106":2,"109":13,"112":13,"113":13,"115":15,"116":12,"117":12,"118":12,"121":12,"122":12,"124":12,"125":15,"126":15,"127":15,"130":15,"132":15,"133":15,"134":15,"135":15,"136":15,"137":15,"138":15,"139":15,"140":15,"142":15,"143":15,"144":15,"145":15,"146":15,"147":15,"148":15,"149":15,"150":15,"152":15,"153":15,"154":11,"155":1,"156":15,"157":15,"158":15,"159":1,"160":1,"161":1,"162":1,"163":1,"164":1,"165":1,"166":15,"171":1,"172":2,"173":2,"176":2,"180":2,"181":2,"182":2,"183":2,"184":2,"185":1,"186":1,"188":1,"189":1,"190":1,"191":1,"192":1,"193":1,"194":1,"195":1,"197":1,"198":1,"199":1,"200":1,"201":1,"202":2,"207":1,"209":4,"210":4,"211":4,"212":4,"213":4,"214":4,"215":4,"217":4,"218":4,"219":11,"220":8,"221":4,"222":4,"228":1,"229":1,"238":1,"239":1,"240":0,"241":0,"242":1,"247":1,"248":3,"249":3,"253":3,"254":3,"255":3,"256":3,"257":3,"258":3,"259":3,"260":3,"261":3,"262":3,"263":3,"264":3,"265":3,"266":3,"268":3,"269":3,"270":3,"271":3,"272":3,"277":1,"278":12,"281":11,"282":11,"283":11,"284":11,"285":11,"287":12,"288":12,"289":12,"291":12,"293":12,"294":12,"295":2,"296":0,"298":0,"299":12,"304":1,"305":1,"306":1,"307":1,"308":1,"309":1,"310":1,"311":1,"312":1,"313":1,"314":1,"319":1,"320":2,"321":2,"322":1},"branchMap":{"0":{"type":"branch","line":28,"loc":{"start":{"line":28,"column":10},"end":{"line":30,"column":30}},"locations":[{"start":{"line":28,"column":10},"end":{"line":30,"column":30}}]},"1":{"type":"branch","line":35,"loc":{"start":{"line":35,"column":2},"end":{"line":73,"column":3}},"locations":[{"start":{"line":35,"column":2},"end":{"line":73,"column":3}}]},"2":{"type":"branch","line":36,"loc":{"start":{"line":36,"column":26},"end":{"line":36,"column":33}},"locations":[{"start":{"line":36,"column":26},"end":{"line":36,"column":33}}]},"3":{"type":"branch","line":36,"loc":{"start":{"line":36,"column":26},"end":{"line":69,"column":13}},"locations":[{"start":{"line":36,"column":26},"end":{"line":69,"column":13}}]},"4":{"type":"branch","line":69,"loc":{"start":{"line":69,"column":4},"end":{"line":72,"column":5}},"locations":[{"start":{"line":69,"column":4},"end":{"line":72,"column":5}}]},"5":{"type":"branch","line":78,"loc":{"start":{"line":78,"column":2},"end":{"line":167,"column":3}},"locations":[{"start":{"line":78,"column":2},"end":{"line":167,"column":3}}]},"6":{"type":"branch","line":94,"loc":{"start":{"line":94,"column":28},"end":{"line":99,"column":7}},"locations":[{"start":{"line":94,"column":28},"end":{"line":99,"column":7}}]},"7":{"type":"branch","line":105,"loc":{"start":{"line":105,"column":22},"end":{"line":107,"column":7}},"locations":[{"start":{"line":105,"column":22},"end":{"line":107,"column":7}}]},"8":{"type":"branch","line":107,"loc":{"start":{"line":107,"column":6},"end":{"line":116,"column":66}},"locations":[{"start":{"line":107,"column":6},"end":{"line":116,"column":66}}]},"9":{"type":"branch","line":116,"loc":{"start":{"line":116,"column":66},"end":{"line":126,"column":37}},"locations":[{"start":{"line":116,"column":66},"end":{"line":126,"column":37}}]},"10":{"type":"branch","line":126,"loc":{"start":{"line":126,"column":37},"end":{"line":126,"column":45}},"locations":[{"start":{"line":126,"column":37},"end":{"line":126,"column":45}}]},"11":{"type":"branch","line":128,"loc":{"start":{"line":128,"column":36},"end":{"line":128,"column":58}},"locations":[{"start":{"line":128,"column":36},"end":{"line":128,"column":58}}]},"12":{"type":"branch","line":131,"loc":{"start":{"line":131,"column":25},"end":{"line":131,"column":41}},"locations":[{"start":{"line":131,"column":25},"end":{"line":131,"column":41}}]},"13":{"type":"branch","line":131,"loc":{"start":{"line":131,"column":35},"end":{"line":131,"column":45}},"locations":[{"start":{"line":131,"column":35},"end":{"line":131,"column":45}}]},"14":{"type":"branch","line":134,"loc":{"start":{"line":134,"column":46},"end":{"line":134,"column":88}},"locations":[{"start":{"line":134,"column":46},"end":{"line":134,"column":88}}]},"15":{"type":"branch","line":135,"loc":{"start":{"line":135,"column":28},"end":{"line":135,"column":48}},"locations":[{"start":{"line":135,"column":28},"end":{"line":135,"column":48}}]},"16":{"type":"branch","line":139,"loc":{"start":{"line":139,"column":26},"end":{"line":139,"column":43}},"locations":[{"start":{"line":139,"column":26},"end":{"line":139,"column":43}}]},"17":{"type":"branch","line":154,"loc":{"start":{"line":154,"column":14},"end":{"line":155,"column":16}},"locations":[{"start":{"line":154,"column":14},"end":{"line":155,"column":16}}]},"18":{"type":"branch","line":155,"loc":{"start":{"line":155,"column":12},"end":{"line":156,"column":64}},"locations":[{"start":{"line":155,"column":12},"end":{"line":156,"column":64}}]},"19":{"type":"branch","line":159,"loc":{"start":{"line":159,"column":4},"end":{"line":166,"column":5}},"locations":[{"start":{"line":159,"column":4},"end":{"line":166,"column":5}}]},"20":{"type":"branch","line":161,"loc":{"start":{"line":161,"column":39},"end":{"line":161,"column":63}},"locations":[{"start":{"line":161,"column":39},"end":{"line":161,"column":63}}]},"21":{"type":"branch","line":127,"loc":{"start":{"line":127,"column":45},"end":{"line":127,"column":70}},"locations":[{"start":{"line":127,"column":45},"end":{"line":127,"column":70}}]},"22":{"type":"branch","line":172,"loc":{"start":{"line":172,"column":2},"end":{"line":203,"column":3}},"locations":[{"start":{"line":172,"column":2},"end":{"line":203,"column":3}}]},"23":{"type":"branch","line":185,"loc":{"start":{"line":185,"column":4},"end":{"line":202,"column":5}},"locations":[{"start":{"line":185,"column":4},"end":{"line":202,"column":5}}]},"24":{"type":"branch","line":187,"loc":{"start":{"line":187,"column":39},"end":{"line":187,"column":63}},"locations":[{"start":{"line":187,"column":39},"end":{"line":187,"column":63}}]},"25":{"type":"branch","line":208,"loc":{"start":{"line":208,"column":2},"end":{"line":223,"column":3}},"locations":[{"start":{"line":208,"column":2},"end":{"line":223,"column":3}}]},"26":{"type":"branch","line":219,"loc":{"start":{"line":219,"column":6},"end":{"line":221,"column":62}},"locations":[{"start":{"line":219,"column":6},"end":{"line":221,"column":62}}]},"27":{"type":"branch","line":220,"loc":{"start":{"line":220,"column":46},"end":{"line":221,"column":62}},"locations":[{"start":{"line":220,"column":46},"end":{"line":221,"column":62}}]},"28":{"type":"branch","line":229,"loc":{"start":{"line":229,"column":10},"end":{"line":243,"column":3}},"locations":[{"start":{"line":229,"column":10},"end":{"line":243,"column":3}}]},"29":{"type":"branch","line":240,"loc":{"start":{"line":240,"column":4},"end":{"line":242,"column":5}},"locations":[{"start":{"line":240,"column":4},"end":{"line":242,"column":5}}]},"30":{"type":"branch","line":248,"loc":{"start":{"line":248,"column":10},"end":{"line":273,"column":3}},"locations":[{"start":{"line":248,"column":10},"end":{"line":273,"column":3}}]},"31":{"type":"branch","line":278,"loc":{"start":{"line":278,"column":10},"end":{"line":300,"column":3}},"locations":[{"start":{"line":278,"column":10},"end":{"line":300,"column":3}}]},"32":{"type":"branch","line":279,"loc":{"start":{"line":279,"column":9},"end":{"line":279,"column":36}},"locations":[{"start":{"line":279,"column":9},"end":{"line":279,"column":36}}]},"33":{"type":"branch","line":279,"loc":{"start":{"line":279,"column":36},"end":{"line":279,"column":53}},"locations":[{"start":{"line":279,"column":36},"end":{"line":279,"column":53}}]},"34":{"type":"branch","line":279,"loc":{"start":{"line":279,"column":43},"end":{"line":288,"column":56}},"locations":[{"start":{"line":279,"column":43},"end":{"line":288,"column":56}}]},"35":{"type":"branch","line":288,"loc":{"start":{"line":288,"column":51},"end":{"line":288,"column":60}},"locations":[{"start":{"line":288,"column":51},"end":{"line":288,"column":60}}]},"36":{"type":"branch","line":289,"loc":{"start":{"line":289,"column":51},"end":{"line":289,"column":60}},"locations":[{"start":{"line":289,"column":51},"end":{"line":289,"column":60}}]},"37":{"type":"branch","line":290,"loc":{"start":{"line":290,"column":49},"end":{"line":290,"column":58}},"locations":[{"start":{"line":290,"column":49},"end":{"line":290,"column":58}}]},"38":{"type":"branch","line":294,"loc":{"start":{"line":294,"column":26},"end":{"line":294,"column":43}},"locations":[{"start":{"line":294,"column":26},"end":{"line":294,"column":43}}]},"39":{"type":"branch","line":294,"loc":{"start":{"line":294,"column":33},"end":{"line":295,"column":46}},"locations":[{"start":{"line":294,"column":33},"end":{"line":295,"column":46}}]},"40":{"type":"branch","line":295,"loc":{"start":{"line":295,"column":39},"end":{"line":295,"column":51}},"locations":[{"start":{"line":295,"column":39},"end":{"line":295,"column":51}}]},"41":{"type":"branch","line":295,"loc":{"start":{"line":295,"column":46},"end":{"line":296,"column":51}},"locations":[{"start":{"line":295,"column":46},"end":{"line":296,"column":51}}]},"42":{"type":"branch","line":296,"loc":{"start":{"line":296,"column":46},"end":{"line":299,"column":21}},"locations":[{"start":{"line":296,"column":46},"end":{"line":299,"column":21}}]},"43":{"type":"branch","line":305,"loc":{"start":{"line":305,"column":2},"end":{"line":315,"column":3}},"locations":[{"start":{"line":305,"column":2},"end":{"line":315,"column":3}}]},"44":{"type":"branch","line":320,"loc":{"start":{"line":320,"column":2},"end":{"line":322,"column":3}},"locations":[{"start":{"line":320,"column":2},"end":{"line":322,"column":3}}]},"45":{"type":"branch","line":321,"loc":{"start":{"line":321,"column":16},"end":{"line":321,"column":56}},"locations":[{"start":{"line":321,"column":16},"end":{"line":321,"column":56}}]}},"b":{"0":[19],"1":[15],"2":[1],"3":[14],"4":[0],"5":[15],"6":[0],"7":[2],"8":[13],"9":[12],"10":[1],"11":[11],"12":[11],"13":[1],"14":[11],"15":[11],"16":[11],"17":[11],"18":[1],"19":[1],"20":[0],"21":[50],"22":[2],"23":[1],"24":[0],"25":[4],"26":[11],"27":[8],"28":[1],"29":[0],"30":[3],"31":[12],"32":[11],"33":[1],"34":[11],"35":[10],"36":[8],"37":[10],"38":[8],"39":[3],"40":[1],"41":[2],"42":[0],"43":[1],"44":[2],"45":[1]},"fnMap":{"0":{"name":"<instance_members_initializer>","decl":{"start":{"line":28,"column":10},"end":{"line":30,"column":30}},"loc":{"start":{"line":28,"column":10},"end":{"line":30,"column":30}},"line":28},"1":{"name":"initialize","decl":{"start":{"line":35,"column":2},"end":{"line":73,"column":3}},"loc":{"start":{"line":35,"column":2},"end":{"line":73,"column":3}},"line":35},"2":{"name":"transcribeFromBuffer","decl":{"start":{"line":78,"column":2},"end":{"line":167,"column":3}},"loc":{"start":{"line":78,"column":2},"end":{"line":167,"column":3}},"line":78},"3":{"name":"transcribeFromFile","decl":{"start":{"line":172,"column":2},"end":{"line":203,"column":3}},"loc":{"start":{"line":172,"column":2},"end":{"line":203,"column":3}},"line":172},"4":{"name":"isSupportedAudioFormat","decl":{"start":{"line":208,"column":2},"end":{"line":223,"column":3}},"loc":{"start":{"line":208,"column":2},"end":{"line":223,"column":3}},"line":208},"5":{"name":"convertBufferToAudioData","decl":{"start":{"line":229,"column":10},"end":{"line":243,"column":3}},"loc":{"start":{"line":229,"column":10},"end":{"line":243,"column":3}},"line":229},"6":{"name":"createFallbackResult","decl":{"start":{"line":248,"column":10},"end":{"line":273,"column":3}},"loc":{"start":{"line":248,"column":10},"end":{"line":273,"column":3}},"line":248},"7":{"name":"detectLanguage","decl":{"start":{"line":278,"column":10},"end":{"line":300,"column":3}},"loc":{"start":{"line":278,"column":10},"end":{"line":300,"column":3}},"line":278},"8":{"name":"cleanup","decl":{"start":{"line":305,"column":2},"end":{"line":315,"column":3}},"loc":{"start":{"line":305,"column":2},"end":{"line":315,"column":3}},"line":305},"9":{"name":"isReady","decl":{"start":{"line":320,"column":2},"end":{"line":322,"column":3}},"loc":{"start":{"line":320,"column":2},"end":{"line":322,"column":3}},"line":320}},"f":{"0":19,"1":15,"2":15,"3":2,"4":4,"5":1,"6":3,"7":12,"8":1,"9":2}}
}
