TN:
SF:src/lib/database.ts
FN:9,<instance_members_initializer>
FN:13,ObsidianDatabase
FN:22,initialize
FN:80,upsertChunk
FN:110,batchUpsertChunks
FN:131,search
FN:250,getChunkById
FN:273,getChunksByFile
FN:296,getStats
FN:367,clearAll
FN:377,deleteChunksByFile
FN:396,close
FNF:12
FNH:4
FNDA:3,<instance_members_initializer>
FNDA:3,ObsidianDatabase
FNDA:3,initialize
FNDA:0,upsertChunk
FNDA:0,batchUpsertChunks
FNDA:0,search
FNDA:0,getChunkById
FNDA:0,getChunksByFile
FNDA:0,getStats
FNDA:0,clearAll
FNDA:0,deleteChunksByFile
FNDA:3,close
DA:1,1
DA:8,1
DA:9,1
DA:10,3
DA:11,3
DA:13,1
DA:14,3
DA:15,3
DA:16,3
DA:17,3
DA:18,3
DA:19,3
DA:20,3
DA:22,1
DA:23,3
DA:24,0
DA:26,0
DA:29,0
DA:30,0
DA:34,0
DA:38,0
DA:41,0
DA:42,0
DA:43,0
DA:45,0
DA:48,0
DA:49,0
DA:50,0
DA:52,0
DA:54,0
DA:55,0
DA:56,0
DA:58,0
DA:60,0
DA:61,0
DA:62,0
DA:64,0
DA:66,0
DA:67,0
DA:68,0
DA:70,0
DA:72,0
DA:73,0
DA:74,0
DA:75,0
DA:76,0
DA:77,0
DA:78,3
DA:80,1
DA:81,0
DA:82,0
DA:83,0
DA:84,0
DA:85,0
DA:86,0
DA:87,0
DA:89,0
DA:90,0
DA:91,0
DA:93,0
DA:94,0
DA:95,0
DA:96,0
DA:103,0
DA:104,0
DA:105,0
DA:106,0
DA:107,0
DA:108,0
DA:110,1
DA:111,0
DA:113,0
DA:114,0
DA:115,0
DA:117,0
DA:118,0
DA:119,0
DA:121,0
DA:122,0
DA:123,0
DA:124,0
DA:125,0
DA:126,0
DA:127,0
DA:128,0
DA:129,0
DA:131,1
DA:132,0
DA:133,0
DA:134,0
DA:141,0
DA:142,0
DA:143,0
DA:144,0
DA:145,0
DA:146,0
DA:147,0
DA:149,0
DA:150,0
DA:151,0
DA:153,0
DA:154,0
DA:155,0
DA:158,0
DA:159,0
DA:160,0
DA:161,0
DA:162,0
DA:165,0
DA:166,0
DA:167,0
DA:168,0
DA:169,0
DA:170,0
DA:173,0
DA:174,0
DA:175,0
DA:176,0
DA:177,0
DA:178,0
DA:179,0
DA:180,0
DA:181,0
DA:183,0
DA:184,0
DA:185,0
DA:186,0
DA:187,0
DA:190,0
DA:191,0
DA:192,0
DA:193,0
DA:194,0
DA:195,0
DA:196,0
DA:197,0
DA:200,0
DA:201,0
DA:202,0
DA:203,0
DA:204,0
DA:205,0
DA:206,0
DA:207,0
DA:208,0
DA:209,0
DA:210,0
DA:211,0
DA:212,0
DA:213,0
DA:215,0
DA:220,0
DA:221,0
DA:222,0
DA:223,0
DA:227,0
DA:229,0
DA:230,0
DA:231,0
DA:232,0
DA:233,0
DA:234,0
DA:235,0
DA:238,0
DA:239,0
DA:240,0
DA:241,0
DA:242,0
DA:244,0
DA:245,0
DA:246,0
DA:247,0
DA:248,0
DA:250,1
DA:251,0
DA:252,0
DA:253,0
DA:254,0
DA:255,0
DA:257,0
DA:258,0
DA:260,0
DA:262,0
DA:263,0
DA:264,0
DA:265,0
DA:266,0
DA:267,0
DA:268,0
DA:269,0
DA:270,0
DA:271,0
DA:273,1
DA:274,0
DA:275,0
DA:276,0
DA:277,0
DA:279,0
DA:283,0
DA:284,0
DA:286,0
DA:287,0
DA:288,0
DA:289,0
DA:290,0
DA:291,0
DA:292,0
DA:293,0
DA:294,0
DA:296,1
DA:301,0
DA:302,0
DA:303,0
DA:305,0
DA:306,0
DA:307,0
DA:310,0
DA:312,0
DA:314,0
DA:317,0
DA:325,0
DA:327,0
DA:330,0
DA:334,0
DA:339,0
DA:341,0
DA:342,0
DA:343,0
DA:344,0
DA:346,0
DA:347,0
DA:348,0
DA:349,0
DA:351,0
DA:352,0
DA:353,0
DA:354,0
DA:356,0
DA:357,0
DA:358,0
DA:359,0
DA:360,0
DA:361,0
DA:362,0
DA:363,0
DA:364,0
DA:365,0
DA:367,1
DA:368,0
DA:369,0
DA:370,0
DA:371,0
DA:372,0
DA:373,0
DA:374,0
DA:375,0
DA:377,1
DA:378,0
DA:379,0
DA:380,0
DA:381,0
DA:382,0
DA:385,0
DA:386,0
DA:388,0
DA:389,0
DA:390,0
DA:391,0
DA:392,0
DA:393,0
DA:394,0
DA:396,1
DA:397,3
DA:398,3
DA:399,1
LF:275
LH:28
BRDA:9,0,0,3
BRDA:13,1,0,3
BRDA:22,2,0,3
BRDA:23,3,0,0
BRDA:396,4,0,3
BRF:5
BRH:4
end_of_record
TN:
SF:src/lib/multi-modal.ts
FN:159,<instance_members_initializer>
FN:258,detectContentType
FN:297,detectMimeType
FN:358,analyzeContent
FN:389,detectTextContent
FN:414,detectStructuredData
FN:446,detectEncoding
FN:452,detectLanguage
FN:458,validateExtension
FN:468,classifyContentType
FN:501,calculateConfidence
FN:541,UniversalMetadataExtractor
FN:548,extractMetadata
FN:672,extractContentMetadata
FN:720,extractTextMetadata
FN:736,extractPDFMetadata
FN:760,extractImageMetadata
FN:795,extractOfficeMetadata
FN:822,extractSpeechMetadata
FN:851,extractAudioMetadata
FN:863,extractVideoMetadata
FN:876,extractStructuredMetadata
FN:889,calculateCompleteness
FN:939,generateFileId
FN:944,generateChecksum
FNF:25
FNH:0
FNDA:0,<instance_members_initializer>
FNDA:0,detectContentType
FNDA:0,detectMimeType
FNDA:0,analyzeContent
FNDA:0,detectTextContent
FNDA:0,detectStructuredData
FNDA:0,detectEncoding
FNDA:0,detectLanguage
FNDA:0,validateExtension
FNDA:0,classifyContentType
FNDA:0,calculateConfidence
FNDA:0,UniversalMetadataExtractor
FNDA:0,extractMetadata
FNDA:0,extractContentMetadata
FNDA:0,extractTextMetadata
FNDA:0,extractPDFMetadata
FNDA:0,extractImageMetadata
FNDA:0,extractOfficeMetadata
FNDA:0,extractSpeechMetadata
FNDA:0,extractAudioMetadata
FNDA:0,extractVideoMetadata
FNDA:0,extractStructuredMetadata
FNDA:0,calculateCompleteness
FNDA:0,generateFileId
FNDA:0,generateChecksum
DA:1,1
DA:2,1
DA:3,1
DA:4,1
DA:8,1
DA:12,1
DA:16,1
DA:24,1
DA:26,1
DA:27,1
DA:28,1
DA:31,1
DA:32,1
DA:33,1
DA:34,1
DA:37,1
DA:38,1
DA:39,1
DA:42,1
DA:43,1
DA:46,1
DA:49,1
DA:50,1
DA:51,1
DA:54,1
DA:55,1
DA:158,1
DA:159,1
DA:161,0
DA:162,0
DA:163,0
DA:166,0
DA:167,0
DA:168,0
DA:169,0
DA:170,0
DA:171,0
DA:172,0
DA:173,0
DA:174,0
DA:175,0
DA:176,0
DA:177,0
DA:178,0
DA:179,0
DA:180,0
DA:181,0
DA:184,0
DA:185,0
DA:186,0
DA:187,0
DA:188,0
DA:189,0
DA:190,0
DA:193,0
DA:194,0
DA:195,0
DA:196,0
DA:197,0
DA:200,0
DA:201,0
DA:202,0
DA:203,0
DA:204,0
DA:207,0
DA:208,0
DA:209,0
DA:210,0
DA:211,0
DA:213,0
DA:215,0
DA:216,0
DA:217,0
DA:220,0
DA:221,0
DA:222,0
DA:223,0
DA:224,0
DA:225,0
DA:226,0
DA:229,0
DA:230,0
DA:231,0
DA:232,0
DA:233,0
DA:234,0
DA:235,0
DA:236,0
DA:239,0
DA:240,0
DA:241,0
DA:242,0
DA:243,0
DA:246,0
DA:247,0
DA:248,0
DA:249,0
DA:250,0
DA:253,0
DA:254,0
DA:255,0
DA:256,0
DA:258,1
DA:259,0
DA:260,0
DA:261,0
DA:263,0
DA:266,0
DA:269,0
DA:270,0
DA:273,0
DA:276,0
DA:277,0
DA:278,0
DA:279,0
DA:280,0
DA:281,0
DA:282,0
DA:283,0
DA:285,0
DA:286,0
DA:287,0
DA:288,0
DA:289,0
DA:290,0
DA:291,0
DA:292,0
DA:293,0
DA:294,0
DA:295,0
DA:297,1
DA:301,0
DA:305,0
DA:306,0
DA:307,0
DA:308,0
DA:309,0
DA:310,0
DA:311,0
DA:312,0
DA:313,0
DA:314,0
DA:315,0
DA:316,0
DA:317,0
DA:318,0
DA:319,0
DA:320,0
DA:321,0
DA:322,0
DA:323,0
DA:324,0
DA:325,0
DA:326,0
DA:327,0
DA:328,0
DA:329,0
DA:330,0
DA:331,0
DA:332,0
DA:333,0
DA:334,0
DA:335,0
DA:336,0
DA:337,0
DA:338,0
DA:339,0
DA:340,0
DA:341,0
DA:342,0
DA:343,0
DA:345,0
DA:346,0
DA:347,0
DA:348,0
DA:349,0
DA:350,0
DA:351,0
DA:352,0
DA:355,0
DA:356,0
DA:358,1
DA:359,0
DA:360,0
DA:361,0
DA:362,0
DA:363,0
DA:364,0
DA:365,0
DA:366,0
DA:367,0
DA:368,0
DA:369,0
DA:372,0
DA:375,0
DA:378,0
DA:379,0
DA:380,0
DA:381,0
DA:386,0
DA:387,0
DA:389,1
DA:391,0
DA:392,0
DA:393,0
DA:395,0
DA:396,0
DA:397,0
DA:400,0
DA:401,0
DA:402,0
DA:403,0
DA:404,0
DA:405,0
DA:406,0
DA:407,0
DA:408,0
DA:411,0
DA:412,0
DA:414,1
DA:415,0
DA:417,0
DA:420,0
DA:421,0
DA:422,0
DA:423,0
DA:426,0
DA:427,0
DA:428,0
DA:431,0
DA:432,0
DA:433,0
DA:434,0
DA:435,0
DA:436,0
DA:437,0
DA:438,0
DA:439,0
DA:440,0
DA:441,0
DA:443,0
DA:444,0
DA:446,1
DA:449,0
DA:450,0
DA:452,1
DA:455,0
DA:456,0
DA:458,1
DA:459,0
DA:460,0
DA:462,0
DA:464,0
DA:465,0
DA:466,0
DA:468,1
DA:469,0
DA:470,0
DA:471,0
DA:473,0
DA:474,0
DA:477,0
DA:479,0
DA:480,0
DA:481,0
DA:482,0
DA:483,0
DA:484,0
DA:485,0
DA:486,0
DA:487,0
DA:488,0
DA:489,0
DA:490,0
DA:491,0
DA:492,0
DA:494,0
DA:495,0
DA:496,0
DA:498,0
DA:499,0
DA:501,1
DA:502,0
DA:503,0
DA:504,0
DA:505,0
DA:506,0
DA:509,0
DA:510,0
DA:511,0
DA:514,0
DA:515,0
DA:516,0
DA:519,0
DA:520,0
DA:521,0
DA:524,0
DA:525,0
DA:526,0
DA:528,0
DA:529,0
DA:530,1
DA:535,1
DA:536,1
DA:537,1
DA:538,1
DA:539,1
DA:541,1
DA:542,0
DA:543,0
DA:544,0
DA:545,0
DA:546,0
DA:548,1
DA:549,0
DA:551,0
DA:553,0
DA:554,0
DA:557,0
DA:558,0
DA:559,0
DA:560,0
DA:563,0
DA:566,0
DA:567,0
DA:568,0
DA:569,0
DA:570,0
DA:571,0
DA:572,0
DA:573,0
DA:574,0
DA:575,0
DA:576,0
DA:579,0
DA:580,0
DA:581,0
DA:582,0
DA:585,0
DA:586,0
DA:587,0
DA:588,0
DA:589,0
DA:590,0
DA:591,0
DA:592,0
DA:595,0
DA:596,0
DA:597,0
DA:598,0
DA:599,0
DA:600,0
DA:601,0
DA:604,0
DA:605,0
DA:606,0
DA:607,0
DA:608,0
DA:609,0
DA:611,0
DA:612,0
DA:613,0
DA:614,0
DA:615,0
DA:616,0
DA:617,0
DA:618,0
DA:620,0
DA:621,0
DA:622,0
DA:623,0
DA:624,0
DA:625,0
DA:626,0
DA:627,0
DA:628,0
DA:630,0
DA:631,0
DA:632,0
DA:633,0
DA:634,0
DA:635,0
DA:636,0
DA:637,0
DA:638,0
DA:639,0
DA:640,0
DA:641,0
DA:642,0
DA:643,0
DA:644,0
DA:645,0
DA:646,0
DA:647,0
DA:648,0
DA:649,0
DA:650,0
DA:651,0
DA:652,0
DA:653,0
DA:654,0
DA:655,0
DA:656,0
DA:657,0
DA:658,0
DA:659,0
DA:660,0
DA:661,0
DA:662,0
DA:663,0
DA:664,0
DA:665,0
DA:666,0
DA:667,0
DA:668,0
DA:669,0
DA:670,0
DA:672,1
DA:673,0
DA:674,0
DA:675,0
DA:676,0
DA:677,0
DA:678,0
DA:679,0
DA:680,0
DA:683,0
DA:684,0
DA:685,0
DA:686,0
DA:688,0
DA:689,0
DA:691,0
DA:692,0
DA:693,0
DA:694,0
DA:695,0
DA:696,0
DA:697,0
DA:698,0
DA:700,0
DA:701,0
DA:702,0
DA:704,0
DA:705,0
DA:707,0
DA:708,0
DA:710,0
DA:711,0
DA:712,0
DA:713,0
DA:715,0
DA:716,0
DA:717,0
DA:718,0
DA:720,1
DA:721,0
DA:722,0
DA:723,0
DA:724,0
DA:725,0
DA:726,0
DA:728,0
DA:729,0
DA:730,0
DA:731,0
DA:732,0
DA:733,0
DA:734,0
DA:736,1
DA:737,0
DA:738,0
DA:739,0
DA:740,0
DA:742,0
DA:745,0
DA:746,0
DA:747,0
DA:748,0
DA:749,0
DA:751,0
DA:752,0
DA:753,0
DA:754,0
DA:755,0
DA:756,0
DA:757,0
DA:758,0
DA:760,1
DA:761,0
DA:762,0
DA:763,0
DA:764,0
DA:766,0
DA:767,0
DA:768,0
DA:769,0
DA:770,0
DA:771,0
DA:772,0
DA:775,0
DA:776,0
DA:777,0
DA:778,0
DA:779,0
DA:782,0
DA:783,0
DA:784,0
DA:785,0
DA:786,0
DA:788,0
DA:789,0
DA:790,0
DA:791,0
DA:792,0
DA:793,0
DA:795,1
DA:796,0
DA:797,0
DA:798,0
DA:799,0
DA:800,0
DA:802,0
DA:803,0
DA:804,0
DA:805,0
DA:808,0
DA:809,0
DA:810,0
DA:811,0
DA:812,0
DA:814,0
DA:815,0
DA:816,0
DA:817,0
DA:818,0
DA:819,0
DA:820,0
DA:822,1
DA:823,0
DA:824,0
DA:825,0
DA:826,0
DA:828,0
DA:829,0
DA:830,0
DA:831,0
DA:832,0
DA:833,0
DA:834,0
DA:837,0
DA:838,0
DA:839,0
DA:840,0
DA:841,0
DA:843,0
DA:844,0
DA:845,0
DA:846,0
DA:847,0
DA:848,0
DA:849,0
DA:851,1
DA:852,0
DA:853,0
DA:854,0
DA:857,0
DA:858,0
DA:859,0
DA:860,0
DA:861,0
DA:863,1
DA:864,0
DA:865,0
DA:866,0
DA:869,0
DA:870,0
DA:871,0
DA:872,0
DA:873,0
DA:874,0
DA:876,1
DA:877,0
DA:878,0
DA:879,0
DA:880,0
DA:882,0
DA:883,0
DA:884,0
DA:885,0
DA:886,0
DA:887,0
DA:889,1
DA:890,0
DA:891,0
DA:894,0
DA:895,0
DA:898,0
DA:899,0
DA:900,0
DA:901,0
DA:904,0
DA:905,0
DA:906,0
DA:907,0
DA:910,0
DA:911,0
DA:912,0
DA:913,0
DA:914,0
DA:915,0
DA:916,0
DA:918,0
DA:919,0
DA:920,0
DA:921,0
DA:923,0
DA:924,0
DA:925,0
DA:926,0
DA:927,0
DA:929,0
DA:930,0
DA:931,0
DA:932,0
DA:933,0
DA:934,0
DA:936,0
DA:937,0
DA:939,1
DA:940,0
DA:941,0
DA:942,0
DA:944,1
DA:945,0
DA:946,0
DA:947,1
LF:637
LH:59
BRDA:24,0,0,3
BRDA:159,1,0,0
BRF:2
BRH:1
end_of_record
TN:
SF:src/lib/utils.ts
FN:7,normalize
FN:20,createContentHash
FN:28,normalizeVector
FN:37,cosineSimilarity
FN:63,estimateTokens
FN:70,sleep
FN:77,extractWikilinks
FN:90,extractHashtags
FN:103,cleanMarkdown
FN:125,generateBreadcrumbs
FN:138,determineContentType
FNF:11
FNH:5
FNDA:3,normalize
FNDA:2,createContentHash
FNDA:1,normalizeVector
FNDA:1,cosineSimilarity
FNDA:1,estimateTokens
FNDA:0,sleep
FNDA:0,extractWikilinks
FNDA:0,extractHashtags
FNDA:0,cleanMarkdown
FNDA:0,generateBreadcrumbs
FNDA:0,determineContentType
DA:1,1
DA:7,1
DA:8,3
DA:9,3
DA:10,3
DA:11,3
DA:12,3
DA:13,3
DA:14,3
DA:15,3
DA:20,1
DA:21,2
DA:22,2
DA:23,2
DA:28,1
DA:29,1
DA:30,1
DA:31,1
DA:32,1
DA:37,1
DA:38,1
DA:39,0
DA:40,0
DA:42,1
DA:43,1
DA:44,1
DA:46,1
DA:47,3
DA:48,3
DA:49,3
DA:50,3
DA:52,1
DA:53,1
DA:55,1
DA:57,1
DA:58,1
DA:63,1
DA:64,1
DA:65,1
DA:70,1
DA:71,0
DA:72,0
DA:77,1
DA:78,0
DA:79,0
DA:80,0
DA:81,0
DA:82,0
DA:83,0
DA:84,0
DA:85,0
DA:90,1
DA:91,0
DA:92,0
DA:93,0
DA:94,0
DA:95,0
DA:96,0
DA:97,0
DA:98,0
DA:103,1
DA:104,0
DA:105,0
DA:107,0
DA:109,0
DA:111,0
DA:113,0
DA:115,0
DA:117,0
DA:118,0
DA:120,0
DA:125,1
DA:126,0
DA:127,0
DA:128,0
DA:129,0
DA:130,0
DA:131,0
DA:132,0
DA:133,0
DA:138,1
DA:139,0
DA:140,0
DA:141,0
DA:142,0
DA:143,0
DA:145,0
DA:146,0
DA:147,0
DA:148,0
DA:149,0
DA:152,0
DA:153,0
DA:154,0
DA:156,0
DA:157,0
LF:96
LH:43
BRDA:7,0,0,3
BRDA:20,1,0,2
BRDA:28,2,0,1
BRDA:30,3,0,0
BRDA:29,4,0,2
BRDA:31,5,0,2
BRDA:37,6,0,1
BRDA:38,7,0,0
BRDA:46,8,0,3
BRDA:55,9,0,0
BRDA:63,10,0,1
BRF:11
BRH:8
end_of_record
TN:
SF:src/lib/processors/ocr-processor.ts
FN:21,<instance_members_initializer>
FN:26,initialize
FN:35,extractTextFromBuffer
FN:132,extractTextFromFile
FN:169,isSupportedImage
FN:188,detectLanguage
FN:215,terminate
FN:225,getSupportedLanguages
FNF:8
FNH:8
FNDA:18,<instance_members_initializer>
FNDA:13,initialize
FNDA:13,extractTextFromBuffer
FNDA:2,extractTextFromFile
FNDA:4,isSupportedImage
FNDA:11,detectLanguage
FNDA:1,terminate
FNDA:1,getSupportedLanguages
DA:1,1
DA:2,1
DA:3,1
DA:20,1
DA:21,1
DA:26,1
DA:27,13
DA:28,12
DA:29,12
DA:30,13
DA:35,1
DA:36,13
DA:37,13
DA:40,13
DA:44,13
DA:45,13
DA:46,13
DA:48,13
DA:49,0
DA:50,0
DA:53,13
DA:54,0
DA:55,0
DA:56,0
DA:57,0
DA:59,13
DA:62,13
DA:64,12
DA:65,12
DA:66,12
DA:69,12
DA:70,13
DA:73,13
DA:74,13
DA:76,13
DA:77,13
DA:78,13
DA:79,13
DA:80,13
DA:81,13
DA:83,13
DA:84,13
DA:85,13
DA:86,13
DA:87,13
DA:88,13
DA:89,13
DA:90,13
DA:91,13
DA:92,13
DA:95,13
DA:96,13
DA:97,9
DA:98,2
DA:99,2
DA:100,1
DA:101,1
DA:102,2
DA:104,13
DA:105,13
DA:106,13
DA:107,13
DA:108,13
DA:109,2
DA:110,2
DA:112,2
DA:113,2
DA:114,2
DA:115,2
DA:116,2
DA:117,2
DA:118,2
DA:119,2
DA:120,2
DA:122,2
DA:123,2
DA:124,2
DA:125,2
DA:126,2
DA:127,13
DA:132,1
DA:133,2
DA:134,2
DA:137,2
DA:141,2
DA:142,2
DA:143,2
DA:144,2
DA:145,2
DA:146,1
DA:147,1
DA:149,1
DA:150,1
DA:151,1
DA:152,1
DA:153,1
DA:154,1
DA:155,1
DA:156,1
DA:157,1
DA:159,1
DA:160,1
DA:161,1
DA:162,1
DA:163,1
DA:164,2
DA:169,1
DA:171,4
DA:172,4
DA:173,4
DA:174,4
DA:175,4
DA:176,4
DA:177,4
DA:178,4
DA:180,4
DA:181,12
DA:182,4
DA:183,4
DA:188,1
DA:189,11
DA:192,10
DA:193,10
DA:194,10
DA:195,10
DA:196,10
DA:198,11
DA:199,11
DA:200,11
DA:202,11
DA:204,11
DA:205,11
DA:206,1
DA:207,0
DA:209,0
DA:210,11
DA:215,1
DA:216,1
DA:217,1
DA:218,1
DA:219,1
DA:220,1
DA:225,1
DA:226,1
DA:227,1
DA:228,1
DA:229,1
DA:230,1
DA:231,1
DA:232,1
DA:233,1
DA:234,1
DA:235,1
DA:236,1
DA:237,1
DA:238,1
DA:239,1
LF:157
LH:149
BRDA:21,0,0,18
BRDA:26,1,0,13
BRDA:27,2,0,12
BRDA:35,3,0,13
BRDA:48,4,0,0
BRDA:53,5,0,0
BRDA:53,6,0,0
BRDA:62,7,0,12
BRDA:70,8,0,10
BRDA:73,9,0,10
BRDA:79,10,0,11
BRDA:88,11,0,10
BRDA:96,12,0,9
BRDA:96,13,0,9
BRDA:97,14,0,2
BRDA:99,15,0,1
BRDA:100,16,0,1
BRDA:108,17,0,2
BRDA:110,18,0,0
BRDA:69,19,0,48
BRDA:132,20,0,2
BRDA:145,21,0,1
BRDA:147,22,0,0
BRDA:169,23,0,4
BRDA:180,24,0,12
BRDA:188,25,0,11
BRDA:189,26,0,10
BRDA:189,27,0,1
BRDA:189,28,0,10
BRDA:198,29,0,8
BRDA:199,30,0,7
BRDA:200,31,0,10
BRDA:204,32,0,7
BRDA:204,33,0,3
BRDA:205,34,0,2
BRDA:205,35,0,1
BRDA:206,36,0,0
BRDA:215,37,0,1
BRDA:225,38,0,1
BRF:39
BRH:33
end_of_record
TN:
SF:src/lib/processors/office-processor.ts
FN:29,extractTextFromBuffer
FN:70,extractTextFromFile
FN:103,extractDocxFromBuffer
FN:161,extractXlsxFromBuffer
FN:249,extractPptxFromBuffer
FN:297,isSupportedOfficeDocument
FN:334,detectLanguage
FNF:7
FNH:7
FNDA:13,extractTextFromBuffer
FNDA:2,extractTextFromFile
FNDA:8,extractDocxFromBuffer
FNDA:3,extractXlsxFromBuffer
FNDA:1,extractPptxFromBuffer
FNDA:5,isSupportedOfficeDocument
FNDA:8,detectLanguage
DA:1,1
DA:2,1
DA:3,1
DA:4,1
DA:25,1
DA:29,1
DA:30,13
DA:31,13
DA:35,13
DA:36,13
DA:37,13
DA:38,13
DA:39,8
DA:40,13
DA:41,3
DA:42,13
DA:43,1
DA:44,13
DA:45,1
DA:46,13
DA:47,13
DA:48,1
DA:49,1
DA:51,1
DA:52,1
DA:53,1
DA:54,1
DA:55,1
DA:56,1
DA:57,1
DA:58,1
DA:60,1
DA:61,1
DA:62,1
DA:63,1
DA:64,1
DA:65,13
DA:70,1
DA:71,2
DA:72,2
DA:76,2
DA:77,2
DA:78,2
DA:79,2
DA:80,2
DA:81,1
DA:82,1
DA:84,1
DA:85,1
DA:86,1
DA:87,1
DA:88,1
DA:89,1
DA:90,1
DA:91,1
DA:93,1
DA:94,1
DA:95,1
DA:96,1
DA:97,1
DA:98,2
DA:103,1
DA:106,8
DA:107,8
DA:108,8
DA:110,6
DA:111,6
DA:112,8
DA:115,8
DA:116,8
DA:118,8
DA:120,8
DA:121,8
DA:122,8
DA:123,8
DA:124,8
DA:125,8
DA:126,8
DA:127,8
DA:128,8
DA:130,8
DA:131,5
DA:132,1
DA:134,8
DA:135,8
DA:136,8
DA:137,8
DA:138,8
DA:139,2
DA:140,2
DA:142,2
DA:143,2
DA:144,2
DA:145,2
DA:146,2
DA:147,2
DA:148,2
DA:149,2
DA:151,2
DA:152,2
DA:153,2
DA:154,2
DA:155,2
DA:156,8
DA:161,1
DA:164,3
DA:165,3
DA:166,3
DA:168,3
DA:169,3
DA:170,3
DA:173,3
DA:174,3
DA:175,3
DA:178,3
DA:179,3
DA:180,2
DA:181,2
DA:184,3
DA:185,3
DA:186,5
DA:187,9
DA:188,9
DA:189,9
DA:190,0
DA:191,9
DA:192,0
DA:193,0
DA:194,9
DA:195,5
DA:196,3
DA:198,3
DA:199,3
DA:200,3
DA:202,3
DA:203,3
DA:204,3
DA:205,3
DA:206,3
DA:208,3
DA:209,3
DA:210,3
DA:211,3
DA:212,3
DA:213,3
DA:214,3
DA:215,3
DA:216,3
DA:218,3
DA:219,1
DA:220,1
DA:222,3
DA:223,3
DA:224,3
DA:225,3
DA:226,3
DA:227,1
DA:228,1
DA:230,1
DA:231,1
DA:232,1
DA:233,1
DA:234,1
DA:235,1
DA:236,1
DA:237,1
DA:239,1
DA:240,1
DA:241,1
DA:242,1
DA:243,1
DA:244,3
DA:249,1
DA:252,1
DA:253,1
DA:258,1
DA:259,1
DA:260,1
DA:261,1
DA:262,1
DA:263,1
DA:264,1
DA:265,1
DA:266,1
DA:267,1
DA:268,1
DA:270,1
DA:271,1
DA:272,1
DA:273,1
DA:274,1
DA:275,0
DA:276,0
DA:278,0
DA:279,0
DA:280,0
DA:281,0
DA:282,0
DA:283,0
DA:284,0
DA:285,0
DA:287,0
DA:288,0
DA:289,0
DA:290,0
DA:291,0
DA:292,1
DA:297,1
DA:300,5
DA:302,5
DA:303,5
DA:304,5
DA:306,5
DA:307,5
DA:308,5
DA:310,5
DA:311,2
DA:312,2
DA:316,3
DA:317,3
DA:318,3
DA:320,5
DA:321,1
DA:322,5
DA:323,1
DA:324,1
DA:325,1
DA:326,1
DA:328,0
DA:329,5
DA:334,1
DA:335,8
DA:338,6
DA:339,6
DA:340,6
DA:341,6
DA:342,6
DA:344,8
DA:345,8
DA:346,8
DA:348,8
DA:350,8
DA:351,8
DA:352,1
DA:353,0
DA:355,0
DA:356,8
DA:357,1
LF:248
LH:227
BRDA:29,0,0,13
BRDA:38,1,0,8
BRDA:40,2,0,3
BRDA:42,3,0,1
BRDA:44,4,0,1
BRDA:47,5,0,1
BRDA:49,6,0,0
BRDA:70,7,0,2
BRDA:80,8,0,1
BRDA:82,9,0,0
BRDA:103,10,0,8
BRDA:108,11,0,6
BRDA:112,12,0,5
BRDA:130,13,0,5
BRDA:131,14,0,1
BRDA:138,15,0,2
BRDA:140,16,0,0
BRDA:111,17,0,31
BRDA:161,18,0,3
BRDA:200,19,0,1
BRDA:218,20,0,1
BRDA:219,21,0,1
BRDA:226,22,0,1
BRDA:228,23,0,0
BRDA:173,24,0,3
BRDA:179,25,0,2
BRDA:185,26,0,5
BRDA:186,27,0,9
BRDA:189,28,0,0
BRDA:191,29,0,0
BRDA:199,30,0,11
BRDA:249,31,0,1
BRDA:274,32,0,0
BRDA:297,33,0,5
BRDA:310,34,0,2
BRDA:312,35,0,3
BRDA:320,36,0,1
BRDA:322,37,0,2
BRDA:322,38,0,1
BRDA:326,39,0,0
BRDA:306,40,0,5
BRDA:334,41,0,8
BRDA:335,42,0,6
BRDA:335,43,0,2
BRDA:335,44,0,6
BRDA:344,45,0,4
BRDA:345,46,0,4
BRDA:346,47,0,6
BRDA:350,48,0,3
BRDA:351,49,0,2
BRDA:351,50,0,1
BRDA:352,51,0,0
BRF:52
BRH:43
end_of_record
TN:
SF:src/lib/processors/pdf-processor.ts
FN:31,extractText
FN:104,extractTextFromBuffer
FN:175,detectLanguage
FN:200,isValidPDF
FNF:4
FNH:0
FNDA:0,extractText
FNDA:0,extractTextFromBuffer
FNDA:0,detectLanguage
FNDA:0,isValidPDF
DA:1,1
DA:2,1
DA:7,1
DA:27,1
DA:31,1
DA:34,0
DA:35,0
DA:37,0
DA:40,0
DA:43,0
DA:44,0
DA:45,0
DA:46,0
DA:47,0
DA:48,0
DA:49,0
DA:50,0
DA:51,0
DA:52,0
DA:53,0
DA:54,0
DA:55,0
DA:58,0
DA:61,0
DA:62,0
DA:65,0
DA:66,0
DA:67,0
DA:68,0
DA:69,0
DA:70,0
DA:71,0
DA:72,0
DA:73,0
DA:74,0
DA:76,0
DA:77,0
DA:78,0
DA:79,0
DA:80,0
DA:82,0
DA:83,0
DA:84,0
DA:85,0
DA:86,0
DA:87,0
DA:88,0
DA:89,0
DA:90,0
DA:91,0
DA:92,0
DA:94,0
DA:95,0
DA:96,0
DA:97,0
DA:98,0
DA:99,0
DA:104,1
DA:107,0
DA:108,0
DA:110,0
DA:113,0
DA:114,0
DA:115,0
DA:116,0
DA:117,0
DA:118,0
DA:119,0
DA:120,0
DA:121,0
DA:122,0
DA:123,0
DA:124,0
DA:125,0
DA:128,0
DA:131,0
DA:132,0
DA:135,0
DA:136,0
DA:137,0
DA:138,0
DA:139,0
DA:140,0
DA:141,0
DA:142,0
DA:143,0
DA:144,0
DA:146,0
DA:147,0
DA:148,0
DA:149,0
DA:150,0
DA:152,0
DA:153,0
DA:154,0
DA:155,0
DA:156,0
DA:157,0
DA:158,0
DA:159,0
DA:160,0
DA:161,0
DA:162,0
DA:164,0
DA:165,0
DA:166,0
DA:167,0
DA:168,0
DA:169,0
DA:175,1
DA:177,0
DA:178,0
DA:179,0
DA:180,0
DA:181,0
DA:183,0
DA:184,0
DA:185,0
DA:187,0
DA:189,0
DA:190,0
DA:191,0
DA:192,0
DA:194,0
DA:195,0
DA:200,1
DA:202,0
DA:203,0
DA:205,0
DA:206,0
DA:207,1
LF:131
LH:9
BRF:0
BRH:0
end_of_record
TN:
SF:src/lib/processors/speech-processor.ts
FN:28,<instance_members_initializer>
FN:35,initialize
FN:78,transcribeFromBuffer
FN:172,transcribeFromFile
FN:208,isSupportedAudioFormat
FN:229,convertBufferToAudioData
FN:248,createFallbackResult
FN:278,detectLanguage
FN:305,cleanup
FN:320,isReady
FNF:10
FNH:10
FNDA:19,<instance_members_initializer>
FNDA:15,initialize
FNDA:15,transcribeFromBuffer
FNDA:2,transcribeFromFile
FNDA:4,isSupportedAudioFormat
FNDA:1,convertBufferToAudioData
FNDA:3,createFallbackResult
FNDA:12,detectLanguage
FNDA:1,cleanup
FNDA:2,isReady
DA:1,1
DA:7,1
DA:8,1
DA:27,1
DA:28,1
DA:29,19
DA:30,19
DA:35,1
DA:36,15
DA:38,14
DA:41,14
DA:42,14
DA:43,14
DA:44,14
DA:45,14
DA:46,14
DA:47,14
DA:48,14
DA:49,14
DA:50,14
DA:51,14
DA:52,14
DA:54,14
DA:55,14
DA:56,14
DA:57,14
DA:58,14
DA:59,14
DA:60,14
DA:61,14
DA:62,14
DA:65,14
DA:66,14
DA:68,14
DA:69,15
DA:70,0
DA:72,0
DA:73,15
DA:78,1
DA:79,15
DA:80,15
DA:83,15
DA:87,15
DA:88,15
DA:89,15
DA:91,15
DA:94,15
DA:95,0
DA:96,0
DA:97,0
DA:98,0
DA:99,0
DA:103,15
DA:105,15
DA:106,2
DA:107,2
DA:110,13
DA:113,13
DA:114,13
DA:116,15
DA:117,12
DA:118,12
DA:119,12
DA:122,12
DA:123,12
DA:125,12
DA:126,15
DA:127,15
DA:128,15
DA:131,15
DA:133,15
DA:134,15
DA:135,15
DA:136,15
DA:137,15
DA:138,15
DA:139,15
DA:140,15
DA:141,15
DA:143,15
DA:144,15
DA:145,15
DA:146,15
DA:147,15
DA:148,15
DA:149,15
DA:150,15
DA:151,15
DA:153,15
DA:154,15
DA:155,11
DA:156,1
DA:157,15
DA:158,15
DA:159,15
DA:160,1
DA:161,1
DA:162,1
DA:163,1
DA:164,1
DA:165,1
DA:166,1
DA:167,15
DA:172,1
DA:173,2
DA:174,2
DA:177,2
DA:181,2
DA:182,2
DA:183,2
DA:184,2
DA:185,2
DA:186,1
DA:187,1
DA:189,1
DA:190,1
DA:191,1
DA:192,1
DA:193,1
DA:194,1
DA:195,1
DA:196,1
DA:198,1
DA:199,1
DA:200,1
DA:201,1
DA:202,1
DA:203,2
DA:208,1
DA:210,4
DA:211,4
DA:212,4
DA:213,4
DA:214,4
DA:215,4
DA:216,4
DA:218,4
DA:219,4
DA:220,11
DA:221,8
DA:222,4
DA:223,4
DA:229,1
DA:230,1
DA:239,1
DA:240,1
DA:241,0
DA:242,0
DA:243,1
DA:248,1
DA:249,3
DA:250,3
DA:254,3
DA:255,3
DA:256,3
DA:257,3
DA:258,3
DA:259,3
DA:260,3
DA:261,3
DA:262,3
DA:263,3
DA:264,3
DA:265,3
DA:266,3
DA:267,3
DA:269,3
DA:270,3
DA:271,3
DA:272,3
DA:273,3
DA:278,1
DA:279,12
DA:282,11
DA:283,11
DA:284,11
DA:285,11
DA:286,11
DA:288,12
DA:289,12
DA:290,12
DA:292,12
DA:294,12
DA:295,12
DA:296,2
DA:297,0
DA:299,0
DA:300,12
DA:305,1
DA:306,1
DA:307,1
DA:308,1
DA:309,1
DA:310,1
DA:311,1
DA:312,1
DA:313,1
DA:314,1
DA:315,1
DA:320,1
DA:321,2
DA:322,2
DA:323,1
LF:203
LH:192
BRDA:28,0,0,19
BRDA:35,1,0,15
BRDA:36,2,0,1
BRDA:36,3,0,14
BRDA:69,4,0,0
BRDA:78,5,0,15
BRDA:94,6,0,0
BRDA:105,7,0,2
BRDA:107,8,0,13
BRDA:116,9,0,12
BRDA:126,10,0,1
BRDA:128,11,0,11
BRDA:131,12,0,11
BRDA:131,13,0,1
BRDA:134,14,0,11
BRDA:135,15,0,11
BRDA:139,16,0,11
BRDA:154,17,0,11
BRDA:155,18,0,1
BRDA:159,19,0,1
BRDA:161,20,0,0
BRDA:127,21,0,50
BRDA:172,22,0,2
BRDA:185,23,0,1
BRDA:187,24,0,0
BRDA:208,25,0,4
BRDA:219,26,0,11
BRDA:220,27,0,8
BRDA:229,28,0,1
BRDA:240,29,0,0
BRDA:248,30,0,3
BRDA:278,31,0,12
BRDA:279,32,0,11
BRDA:279,33,0,1
BRDA:279,34,0,11
BRDA:288,35,0,10
BRDA:289,36,0,8
BRDA:290,37,0,10
BRDA:294,38,0,8
BRDA:294,39,0,3
BRDA:295,40,0,1
BRDA:295,41,0,2
BRDA:296,42,0,0
BRDA:305,43,0,1
BRDA:320,44,0,2
BRDA:321,45,0,1
BRF:46
BRH:40
end_of_record
